{"numFailedTestSuites":1,"numFailedTests":2,"numPassedTestSuites":2,"numPassedTests":27,"numPendingTestSuites":0,"numPendingTests":0,"numRuntimeErrorTestSuites":0,"numTodoTests":0,"numTotalTestSuites":3,"numTotalTests":29,"openHandles":[],"snapshot":{"added":0,"didUpdate":false,"failure":false,"filesAdded":0,"filesRemoved":0,"filesRemovedList":[],"filesUnmatched":0,"filesUpdated":0,"matched":0,"total":0,"unchecked":0,"uncheckedKeysByFile":[],"unmatched":0,"updated":0},"startTime":1764552569555,"success":false,"testResults":[{"assertionResults":[{"ancestorTitles":["Serviço de Usuários (UserService)"],"duration":57,"failureDetails":[],"failureMessages":[],"fullName":"Serviço de Usuários (UserService) valida um usuário existente com senha correta","invocations":1,"location":null,"numPassingAsserts":2,"retryReasons":[],"status":"passed","title":"valida um usuário existente com senha correta"},{"ancestorTitles":["Serviço de Usuários (UserService)"],"duration":1,"failureDetails":[],"failureMessages":[],"fullName":"Serviço de Usuários (UserService) retorna inválido para senha incorreta","invocations":1,"location":null,"numPassingAsserts":1,"retryReasons":[],"status":"passed","title":"retorna inválido para senha incorreta"},{"ancestorTitles":["Serviço de Usuários (UserService)"],"duration":2,"failureDetails":[],"failureMessages":[],"fullName":"Serviço de Usuários (UserService) publica um evento ao cadastrar um novo usuário","invocations":1,"location":null,"numPassingAsserts":1,"retryReasons":[],"status":"passed","title":"publica um evento ao cadastrar um novo usuário"},{"ancestorTitles":["Serviço de Usuários (UserService)"],"duration":7,"failureDetails":[],"failureMessages":[],"fullName":"Serviço de Usuários (UserService) não permite o cadastro de usuários duplicados","invocations":1,"location":null,"numPassingAsserts":1,"retryReasons":[],"status":"passed","title":"não permite o cadastro de usuários duplicados"},{"ancestorTitles":["Serviço de Usuários (UserService)"],"duration":2,"failureDetails":[],"failureMessages":[],"fullName":"Serviço de Usuários (UserService) valida que a senha deve ter no mínimo 6 caracteres","invocations":1,"location":null,"numPassingAsserts":1,"retryReasons":[],"status":"passed","title":"valida que a senha deve ter no mínimo 6 caracteres"},{"ancestorTitles":["Serviço de Usuários (UserService)"],"duration":1,"failureDetails":[],"failureMessages":[],"fullName":"Serviço de Usuários (UserService) permite o cadastro mesmo se o publishEvent falhar","invocations":1,"location":null,"numPassingAsserts":1,"retryReasons":[],"status":"passed","title":"permite o cadastro mesmo se o publishEvent falhar"},{"ancestorTitles":["Serviço de Usuários (UserService)"],"duration":1,"failureDetails":[],"failureMessages":[],"fullName":"Serviço de Usuários (UserService) permite o cadastro com senha de exatamente 6 caracteres","invocations":1,"location":null,"numPassingAsserts":1,"retryReasons":[],"status":"passed","title":"permite o cadastro com senha de exatamente 6 caracteres"},{"ancestorTitles":["Serviço de Usuários (UserService)"],"duration":0,"failureDetails":[],"failureMessages":[],"fullName":"Serviço de Usuários (UserService) permite o cadastro com senha muito longa","invocations":1,"location":null,"numPassingAsserts":1,"retryReasons":[],"status":"passed","title":"permite o cadastro com senha muito longa"},{"ancestorTitles":["Serviço de Usuários (UserService)"],"duration":1,"failureDetails":[],"failureMessages":[],"fullName":"Serviço de Usuários (UserService) não permite o cadastro com username vazio","invocations":1,"location":null,"numPassingAsserts":1,"retryReasons":[],"status":"passed","title":"não permite o cadastro com username vazio"},{"ancestorTitles":["Serviço de Usuários (UserService)"],"duration":1,"failureDetails":[],"failureMessages":[],"fullName":"Serviço de Usuários (UserService) não permite o cadastro com username ausente","invocations":1,"location":null,"numPassingAsserts":1,"retryReasons":[],"status":"passed","title":"não permite o cadastro com username ausente"},{"ancestorTitles":["Serviço de Usuários (UserService)"],"duration":1,"failureDetails":[],"failureMessages":[],"fullName":"Serviço de Usuários (UserService) retorna erro se o userRepository.save lançar exceção","invocations":1,"location":null,"numPassingAsserts":1,"retryReasons":[],"status":"passed","title":"retorna erro se o userRepository.save lançar exceção"},{"ancestorTitles":["Serviço de Usuários (UserService)"],"duration":1,"failureDetails":[],"failureMessages":[],"fullName":"Serviço de Usuários (UserService) simula concorrência: dois cadastros simultâneos com o mesmo username","invocations":1,"location":null,"numPassingAsserts":3,"retryReasons":[],"status":"passed","title":"simula concorrência: dois cadastros simultâneos com o mesmo username"},{"ancestorTitles":["Serviço de Usuários (UserService)"],"duration":0,"failureDetails":[],"failureMessages":[],"fullName":"Serviço de Usuários (UserService) retorna erro se o userRepository.save lançar exceção não relacionada a duplicidade","invocations":1,"location":null,"numPassingAsserts":1,"retryReasons":[],"status":"passed","title":"retorna erro se o userRepository.save lançar exceção não relacionada a duplicidade"},{"ancestorTitles":["Serviço de Usuários (UserService)"],"duration":1,"failureDetails":[],"failureMessages":[],"fullName":"Serviço de Usuários (UserService) valida CPF: retorna verdadeiro para CPF válido","invocations":1,"location":null,"numPassingAsserts":1,"retryReasons":[],"status":"passed","title":"valida CPF: retorna verdadeiro para CPF válido"},{"ancestorTitles":["Serviço de Usuários (UserService)"],"duration":2,"failureDetails":[],"failureMessages":[],"fullName":"Serviço de Usuários (UserService) cobre isValidCPF: cpf inválido","invocations":1,"location":null,"numPassingAsserts":4,"retryReasons":[],"status":"passed","title":"cobre isValidCPF: cpf inválido"},{"ancestorTitles":["Serviço de Usuários (UserService)"],"duration":1,"failureDetails":[],"failureMessages":[],"fullName":"Serviço de Usuários (UserService) deleta um usuário existente","invocations":1,"location":null,"numPassingAsserts":2,"retryReasons":[],"status":"passed","title":"deleta um usuário existente"},{"ancestorTitles":["Serviço de Usuários (UserService)"],"duration":0,"failureDetails":[],"failureMessages":[],"fullName":"Serviço de Usuários (UserService) retorna false ao tentar deletar um usuário inexistente","invocations":1,"location":null,"numPassingAsserts":1,"retryReasons":[],"status":"passed","title":"retorna false ao tentar deletar um usuário inexistente"},{"ancestorTitles":["UserService - Tratamento de Erros"],"duration":0,"failureDetails":[],"failureMessages":[],"fullName":"UserService - Tratamento de Erros Deve registrar erro ao falhar no RabbitMQ","invocations":1,"location":null,"numPassingAsserts":1,"retryReasons":[],"status":"passed","title":"Deve registrar erro ao falhar no RabbitMQ"},{"ancestorTitles":["UserService - Tratamento de Erros"],"duration":0,"failureDetails":[],"failureMessages":[],"fullName":"UserService - Tratamento de Erros Deve registrar erro genérico ao publicar evento","invocations":1,"location":null,"numPassingAsserts":1,"retryReasons":[],"status":"passed","title":"Deve registrar erro genérico ao publicar evento"}],"endTime":1764552570856,"message":"","name":"C:\\Users\\natha\\Desktop\\hotel-management-system\\services\\user\\tests\\userService.test.mjs","startTime":1764552569749,"status":"passed","summary":""},{"assertionResults":[{"ancestorTitles":["User register HTTP"],"duration":43,"failureDetails":[{"matcherResult":{"actual":400,"expected":201,"message":"\u001b[2mexpect(\u001b[22m\u001b[31mreceived\u001b[39m\u001b[2m).\u001b[22mtoBe\u001b[2m(\u001b[22m\u001b[32mexpected\u001b[39m\u001b[2m) // Object.is equality\u001b[22m\n\nExpected: \u001b[32m201\u001b[39m\nReceived: \u001b[31m400\u001b[39m","name":"toBe","pass":false}}],"failureMessages":["Error: \u001b[2mexpect(\u001b[22m\u001b[31mreceived\u001b[39m\u001b[2m).\u001b[22mtoBe\u001b[2m(\u001b[22m\u001b[32mexpected\u001b[39m\u001b[2m) // Object.is equality\u001b[22m\n\nExpected: \u001b[32m201\u001b[39m\nReceived: \u001b[31m400\u001b[39m\n    at Object.<anonymous> (C:\\Users\\natha\\Desktop\\hotel-management-system\\services\\user\\tests\\user.register.test.mjs:37:24)\n    at processTicksAndRejections (node:internal/process/task_queues:105:5)"],"fullName":"User register HTTP 201 - /self-register success (public) and publishes event; no password leaked","invocations":1,"location":null,"numPassingAsserts":0,"retryReasons":[],"status":"failed","title":"201 - /self-register success (public) and publishes event; no password leaked"},{"ancestorTitles":["User register HTTP"],"duration":4,"failureDetails":[],"failureMessages":[],"fullName":"User register HTTP 400 - validation errors (weak password, bad email)","invocations":1,"location":null,"numPassingAsserts":1,"retryReasons":[],"status":"passed","title":"400 - validation errors (weak password, bad email)"},{"ancestorTitles":["User register HTTP"],"duration":4,"failureDetails":[{"matcherResult":{"actual":400,"expected":409,"message":"\u001b[2mexpect(\u001b[22m\u001b[31mreceived\u001b[39m\u001b[2m).\u001b[22mtoBe\u001b[2m(\u001b[22m\u001b[32mexpected\u001b[39m\u001b[2m) // Object.is equality\u001b[22m\n\nExpected: \u001b[32m409\u001b[39m\nReceived: \u001b[31m400\u001b[39m","name":"toBe","pass":false}}],"failureMessages":["Error: \u001b[2mexpect(\u001b[22m\u001b[31mreceived\u001b[39m\u001b[2m).\u001b[22mtoBe\u001b[2m(\u001b[22m\u001b[32mexpected\u001b[39m\u001b[2m) // Object.is equality\u001b[22m\n\nExpected: \u001b[32m409\u001b[39m\nReceived: \u001b[31m400\u001b[39m\n    at Object.<anonymous> (C:\\Users\\natha\\Desktop\\hotel-management-system\\services\\user\\tests\\user.register.test.mjs:58:24)\n    at processTicksAndRejections (node:internal/process/task_queues:105:5)"],"fullName":"User register HTTP 409 - duplicate (simulate E11000)","invocations":1,"location":null,"numPassingAsserts":0,"retryReasons":[],"status":"failed","title":"409 - duplicate (simulate E11000)"},{"ancestorTitles":["integration moved"],"duration":0,"failureDetails":[],"failureMessages":[],"fullName":"integration moved noop","invocations":1,"location":null,"numPassingAsserts":1,"retryReasons":[],"status":"passed","title":"noop"}],"endTime":1764552571364,"message":"\u001b[1m\u001b[31m  \u001b[1m● \u001b[22m\u001b[1mUser register HTTP › 201 - /self-register success (public) and publishes event; no password leaked\u001b[39m\u001b[22m\n\n    \u001b[2mexpect(\u001b[22m\u001b[31mreceived\u001b[39m\u001b[2m).\u001b[22mtoBe\u001b[2m(\u001b[22m\u001b[32mexpected\u001b[39m\u001b[2m) // Object.is equality\u001b[22m\n\n    Expected: \u001b[32m201\u001b[39m\n    Received: \u001b[31m400\u001b[39m\n\u001b[2m\u001b[22m\n\u001b[2m    \u001b[0m \u001b[90m 35 |\u001b[39m     \u001b[36mconst\u001b[39m res \u001b[33m=\u001b[39m \u001b[36mawait\u001b[39m request(app)\u001b[33m.\u001b[39mpost(\u001b[32m'/self-register'\u001b[39m)\u001b[33m.\u001b[39msend(payload)\u001b[33m;\u001b[39m\u001b[22m\n\u001b[2m     \u001b[90m 36 |\u001b[39m\u001b[22m\n\u001b[2m    \u001b[31m\u001b[1m>\u001b[22m\u001b[2m\u001b[39m\u001b[90m 37 |\u001b[39m     expect(res\u001b[33m.\u001b[39mstatus)\u001b[33m.\u001b[39mtoBe(\u001b[35m201\u001b[39m)\u001b[33m;\u001b[39m\u001b[22m\n\u001b[2m     \u001b[90m    |\u001b[39m                        \u001b[31m\u001b[1m^\u001b[22m\u001b[2m\u001b[39m\u001b[22m\n\u001b[2m     \u001b[90m 38 |\u001b[39m     expect(res\u001b[33m.\u001b[39mbody)\u001b[33m.\u001b[39mtoHaveProperty(\u001b[32m'mensagem'\u001b[39m)\u001b[33m;\u001b[39m\u001b[22m\n\u001b[2m     \u001b[90m 39 |\u001b[39m     expect(res\u001b[33m.\u001b[39mbody)\u001b[33m.\u001b[39mtoHaveProperty(\u001b[32m'usuario'\u001b[39m)\u001b[33m;\u001b[39m\u001b[22m\n\u001b[2m     \u001b[90m 40 |\u001b[39m     expect(res\u001b[33m.\u001b[39mbody\u001b[33m.\u001b[39musuario)\u001b[33m.\u001b[39mtoMatchObject({ username\u001b[33m:\u001b[39m payload\u001b[33m.\u001b[39musername\u001b[33m,\u001b[39m email\u001b[33m:\u001b[39m expectedEmail\u001b[33m,\u001b[39m role\u001b[33m:\u001b[39m \u001b[32m'guest'\u001b[39m\u001b[33m,\u001b[39m document\u001b[33m:\u001b[39m expectedDoc\u001b[33m,\u001b[39m phone\u001b[33m:\u001b[39m expectedPhone })\u001b[33m;\u001b[39m\u001b[0m\u001b[22m\n\u001b[2m\u001b[22m\n\u001b[2m      \u001b[2mat Object.<anonymous> (\u001b[22m\u001b[2m\u001b[0m\u001b[36mtests/user.register.test.mjs\u001b[39m\u001b[0m\u001b[2m:37:24)\u001b[22m\u001b[2m\u001b[22m\n\n\u001b[1m\u001b[31m  \u001b[1m● \u001b[22m\u001b[1mUser register HTTP › 409 - duplicate (simulate E11000)\u001b[39m\u001b[22m\n\n    \u001b[2mexpect(\u001b[22m\u001b[31mreceived\u001b[39m\u001b[2m).\u001b[22mtoBe\u001b[2m(\u001b[22m\u001b[32mexpected\u001b[39m\u001b[2m) // Object.is equality\u001b[22m\n\n    Expected: \u001b[32m409\u001b[39m\n    Received: \u001b[31m400\u001b[39m\n\u001b[2m\u001b[22m\n\u001b[2m    \u001b[0m \u001b[90m 56 |\u001b[39m     \u001b[36mconst\u001b[39m repoFind \u001b[33m=\u001b[39m jest\u001b[33m.\u001b[39mspyOn(\u001b[33mUserRepositoryImpl\u001b[39m\u001b[33m.\u001b[39mprototype\u001b[33m,\u001b[39m \u001b[32m'findByUsername'\u001b[39m)\u001b[33m.\u001b[39mmockResolvedValue(fakeUser())\u001b[33m;\u001b[39m\u001b[22m\n\u001b[2m     \u001b[90m 57 |\u001b[39m     \u001b[36mconst\u001b[39m res \u001b[33m=\u001b[39m \u001b[36mawait\u001b[39m request(app)\u001b[33m.\u001b[39mpost(\u001b[32m'/self-register'\u001b[39m)\u001b[33m.\u001b[39msend(makeValidPayload())\u001b[33m;\u001b[39m\u001b[22m\n\u001b[2m    \u001b[31m\u001b[1m>\u001b[22m\u001b[2m\u001b[39m\u001b[90m 58 |\u001b[39m     expect(res\u001b[33m.\u001b[39mstatus)\u001b[33m.\u001b[39mtoBe(\u001b[35m409\u001b[39m)\u001b[33m;\u001b[39m\u001b[22m\n\u001b[2m     \u001b[90m    |\u001b[39m                        \u001b[31m\u001b[1m^\u001b[22m\u001b[2m\u001b[39m\u001b[22m\n\u001b[2m     \u001b[90m 59 |\u001b[39m     repoFind\u001b[33m.\u001b[39mmockRestore()\u001b[33m;\u001b[39m\u001b[22m\n\u001b[2m     \u001b[90m 60 |\u001b[39m   })\u001b[33m;\u001b[39m\u001b[22m\n\u001b[2m     \u001b[90m 61 |\u001b[39m })\u001b[33m;\u001b[39m\u001b[0m\u001b[22m\n\u001b[2m\u001b[22m\n\u001b[2m      \u001b[2mat Object.<anonymous> (\u001b[22m\u001b[2m\u001b[0m\u001b[36mtests/user.register.test.mjs\u001b[39m\u001b[0m\u001b[2m:58:24)\u001b[22m\u001b[2m\u001b[22m\n","name":"C:\\Users\\natha\\Desktop\\hotel-management-system\\services\\user\\tests\\user.register.test.mjs","startTime":1764552569749,"status":"failed","summary":""},{"assertionResults":[{"ancestorTitles":["UserRepository"],"duration":30,"failureDetails":[],"failureMessages":[],"fullName":"UserRepository deve salvar um usuário válido","invocations":1,"location":null,"numPassingAsserts":3,"retryReasons":[],"status":"passed","title":"deve salvar um usuário válido"},{"ancestorTitles":["UserRepository"],"duration":17,"failureDetails":[],"failureMessages":[],"fullName":"UserRepository deve lançar erro ao salvar usuário com username duplicado","invocations":1,"location":null,"numPassingAsserts":1,"retryReasons":[],"status":"passed","title":"deve lançar erro ao salvar usuário com username duplicado"},{"ancestorTitles":["UserRepository"],"duration":11,"failureDetails":[],"failureMessages":[],"fullName":"UserRepository deve buscar um usuário pelo username","invocations":1,"location":null,"numPassingAsserts":2,"retryReasons":[],"status":"passed","title":"deve buscar um usuário pelo username"},{"ancestorTitles":["UserRepository"],"duration":1,"failureDetails":[],"failureMessages":[],"fullName":"UserRepository deve retornar null ao buscar um username inexistente","invocations":1,"location":null,"numPassingAsserts":1,"retryReasons":[],"status":"passed","title":"deve retornar null ao buscar um username inexistente"},{"ancestorTitles":["UserRepository"],"duration":17,"failureDetails":[],"failureMessages":[],"fullName":"UserRepository deve retornar todos os usuários cadastrados","invocations":1,"location":null,"numPassingAsserts":2,"retryReasons":[],"status":"passed","title":"deve retornar todos os usuários cadastrados"},{"ancestorTitles":["UserRepository"],"duration":2,"failureDetails":[],"failureMessages":[],"fullName":"UserRepository deve retornar lista vazia quando não houver usuários","invocations":1,"location":null,"numPassingAsserts":1,"retryReasons":[],"status":"passed","title":"deve retornar lista vazia quando não houver usuários"}],"endTime":1764552571454,"message":"","name":"C:\\Users\\natha\\Desktop\\hotel-management-system\\services\\user\\tests\\userRepository.test.mjs","startTime":1764552569749,"status":"passed","summary":""}],"wasInterrupted":false,"coverageMap":{"C:\\Users\\natha\\Desktop\\hotel-management-system\\services\\user\\src\\domain\\User.js":{"path":"C:\\Users\\natha\\Desktop\\hotel-management-system\\services\\user\\src\\domain\\User.js","statementMap":{"0":{"start":{"line":8,"column":4},"end":{"line":8,"column":17}},"1":{"start":{"line":9,"column":2},"end":{"line":9,"column":27}},"2":{"start":{"line":10,"column":4},"end":{"line":10,"column":23}},"3":{"start":{"line":11,"column":2},"end":{"line":11,"column":27}},"4":{"start":{"line":12,"column":2},"end":{"line":12,"column":19}},"5":{"start":{"line":13,"column":4},"end":{"line":13,"column":29}},"6":{"start":{"line":14,"column":4},"end":{"line":14,"column":23}},"7":{"start":{"line":15,"column":4},"end":{"line":15,"column":25}},"8":{"start":{"line":16,"column":4},"end":{"line":16,"column":31}},"9":{"start":{"line":17,"column":4},"end":{"line":17,"column":31}}},"fnMap":{"0":{"name":"(anonymous_0)","decl":{"start":{"line":7,"column":2},"end":{"line":7,"column":3}},"loc":{"start":{"line":7,"column":119},"end":{"line":18,"column":3}},"line":7}},"branchMap":{"0":{"loc":{"start":{"line":7,"column":47},"end":{"line":7,"column":61}},"type":"default-arg","locations":[{"start":{"line":7,"column":54},"end":{"line":7,"column":61}}],"line":7},"1":{"loc":{"start":{"line":7,"column":80},"end":{"line":7,"column":93}},"type":"default-arg","locations":[{"start":{"line":7,"column":89},"end":{"line":7,"column":93}}],"line":7}},"s":{"0":14,"1":14,"2":14,"3":14,"4":14,"5":14,"6":14,"7":14,"8":14,"9":14},"f":{"0":14},"b":{"0":[0],"1":[14]},"inputSourceMap":null,"_coverageSchema":"1a1c01bbd47fc00a2c39e90264f33305004495a9","hash":"d6e78ba10a8bf50ada79befb99af1f27f0e0e397"},"C:\\Users\\natha\\Desktop\\hotel-management-system\\services\\user\\src\\application\\UserService.js":{"path":"C:\\Users\\natha\\Desktop\\hotel-management-system\\services\\user\\src\\application\\UserService.js","statementMap":{"0":{"start":{"line":3,"column":22},"end":{"line":3,"column":31}},"1":{"start":{"line":5,"column":4},"end":{"line":5,"column":41}},"2":{"start":{"line":6,"column":4},"end":{"line":6,"column":41}},"3":{"start":{"line":7,"column":4},"end":{"line":7,"column":41}},"4":{"start":{"line":11,"column":17},"end":{"line":11,"column":67}},"5":{"start":{"line":12,"column":4},"end":{"line":14,"column":5}},"6":{"start":{"line":13,"column":6},"end":{"line":13,"column":108}},"7":{"start":{"line":15,"column":4},"end":{"line":15,"column":28}},"8":{"start":{"line":19,"column":4},"end":{"line":19,"column":94}},"9":{"start":{"line":21,"column":4},"end":{"line":25,"column":5}},"10":{"start":{"line":22,"column":18},"end":{"line":22,"column":48}},"11":{"start":{"line":23,"column":6},"end":{"line":23,"column":27}},"12":{"start":{"line":24,"column":6},"end":{"line":24,"column":16}},"13":{"start":{"line":26,"column":4},"end":{"line":30,"column":5}},"14":{"start":{"line":27,"column":18},"end":{"line":27,"column":45}},"15":{"start":{"line":28,"column":6},"end":{"line":28,"column":27}},"16":{"start":{"line":29,"column":6},"end":{"line":29,"column":16}},"17":{"start":{"line":31,"column":4},"end":{"line":35,"column":5}},"18":{"start":{"line":32,"column":18},"end":{"line":32,"column":49}},"19":{"start":{"line":33,"column":6},"end":{"line":33,"column":27}},"20":{"start":{"line":34,"column":6},"end":{"line":34,"column":16}},"21":{"start":{"line":36,"column":4},"end":{"line":40,"column":5}},"22":{"start":{"line":37,"column":18},"end":{"line":37,"column":48}},"23":{"start":{"line":38,"column":6},"end":{"line":38,"column":27}},"24":{"start":{"line":39,"column":6},"end":{"line":39,"column":16}},"25":{"start":{"line":41,"column":4},"end":{"line":45,"column":5}},"26":{"start":{"line":42,"column":18},"end":{"line":42,"column":42}},"27":{"start":{"line":43,"column":6},"end":{"line":43,"column":27}},"28":{"start":{"line":44,"column":6},"end":{"line":44,"column":16}},"29":{"start":{"line":48,"column":16},"end":{"line":48,"column":36}},"30":{"start":{"line":49,"column":4},"end":{"line":53,"column":5}},"31":{"start":{"line":50,"column":18},"end":{"line":50,"column":48}},"32":{"start":{"line":51,"column":6},"end":{"line":51,"column":27}},"33":{"start":{"line":52,"column":6},"end":{"line":52,"column":16}},"34":{"start":{"line":54,"column":4},"end":{"line":54,"column":36}},"35":{"start":{"line":56,"column":4},"end":{"line":83,"column":5}},"36":{"start":{"line":57,"column":23},"end":{"line":57,"column":78}},"37":{"start":{"line":58,"column":6},"end":{"line":62,"column":7}},"38":{"start":{"line":59,"column":20},"end":{"line":59,"column":50}},"39":{"start":{"line":60,"column":8},"end":{"line":60,"column":29}},"40":{"start":{"line":61,"column":8},"end":{"line":61,"column":18}},"41":{"start":{"line":63,"column":21},"end":{"line":63,"column":66}},"42":{"start":{"line":64,"column":21},"end":{"line":64,"column":78}},"43":{"start":{"line":65,"column":6},"end":{"line":65,"column":101}},"44":{"start":{"line":66,"column":24},"end":{"line":66,"column":62}},"45":{"start":{"line":68,"column":6},"end":{"line":72,"column":7}},"46":{"start":{"line":69,"column":8},"end":{"line":69,"column":153}},"47":{"start":{"line":71,"column":8},"end":{"line":71,"column":99}},"48":{"start":{"line":73,"column":6},"end":{"line":73,"column":23}},"49":{"start":{"line":75,"column":6},"end":{"line":79,"column":7}},"50":{"start":{"line":76,"column":20},"end":{"line":76,"column":60}},"51":{"start":{"line":77,"column":8},"end":{"line":77,"column":29}},"52":{"start":{"line":78,"column":8},"end":{"line":78,"column":18}},"53":{"start":{"line":80,"column":6},"end":{"line":80,"column":18}},"54":{"start":{"line":82,"column":6},"end":{"line":82,"column":41}},"55":{"start":{"line":88,"column":4},"end":{"line":92,"column":5}},"56":{"start":{"line":89,"column":18},"end":{"line":89,"column":48}},"57":{"start":{"line":90,"column":6},"end":{"line":90,"column":27}},"58":{"start":{"line":91,"column":6},"end":{"line":91,"column":16}},"59":{"start":{"line":93,"column":4},"end":{"line":93,"column":64}},"60":{"start":{"line":98,"column":4},"end":{"line":98,"column":54}},"61":{"start":{"line":98,"column":41},"end":{"line":98,"column":54}},"62":{"start":{"line":99,"column":19},"end":{"line":99,"column":41}},"63":{"start":{"line":100,"column":4},"end":{"line":100,"column":77}},"64":{"start":{"line":100,"column":64},"end":{"line":100,"column":77}},"65":{"start":{"line":101,"column":22},"end":{"line":106,"column":5}},"66":{"start":{"line":102,"column":16},"end":{"line":102,"column":17}},"67":{"start":{"line":103,"column":6},"end":{"line":103,"column":97}},"68":{"start":{"line":103,"column":19},"end":{"line":103,"column":20}},"69":{"start":{"line":103,"column":44},"end":{"line":103,"column":97}},"70":{"start":{"line":104,"column":18},"end":{"line":104,"column":33}},"71":{"start":{"line":105,"column":6},"end":{"line":105,"column":34}},"72":{"start":{"line":107,"column":15},"end":{"line":107,"column":44}},"73":{"start":{"line":108,"column":15},"end":{"line":108,"column":49}},"74":{"start":{"line":109,"column":4},"end":{"line":109,"column":77}}},"fnMap":{"0":{"name":"(anonymous_0)","decl":{"start":{"line":4,"column":2},"end":{"line":4,"column":3}},"loc":{"start":{"line":4,"column":62},"end":{"line":8,"column":3}},"line":4},"1":{"name":"(anonymous_1)","decl":{"start":{"line":10,"column":2},"end":{"line":10,"column":3}},"loc":{"start":{"line":10,"column":41},"end":{"line":16,"column":3}},"line":10},"2":{"name":"(anonymous_2)","decl":{"start":{"line":18,"column":2},"end":{"line":18,"column":3}},"loc":{"start":{"line":18,"column":25},"end":{"line":84,"column":3}},"line":18},"3":{"name":"(anonymous_3)","decl":{"start":{"line":87,"column":2},"end":{"line":87,"column":3}},"loc":{"start":{"line":87,"column":29},"end":{"line":94,"column":3}},"line":87},"4":{"name":"(anonymous_4)","decl":{"start":{"line":97,"column":2},"end":{"line":97,"column":3}},"loc":{"start":{"line":97,"column":25},"end":{"line":110,"column":3}},"line":97},"5":{"name":"(anonymous_5)","decl":{"start":{"line":101,"column":22},"end":{"line":101,"column":23}},"loc":{"start":{"line":101,"column":32},"end":{"line":106,"column":5}},"line":101}},"branchMap":{"0":{"loc":{"start":{"line":12,"column":4},"end":{"line":14,"column":5}},"type":"if","locations":[{"start":{"line":12,"column":4},"end":{"line":14,"column":5}},{"start":{},"end":{}}],"line":12},"1":{"loc":{"start":{"line":12,"column":8},"end":{"line":12,"column":76}},"type":"binary-expr","locations":[{"start":{"line":12,"column":8},"end":{"line":12,"column":12}},{"start":{"line":12,"column":17},"end":{"line":12,"column":75}}],"line":12},"2":{"loc":{"start":{"line":13,"column":32},"end":{"line":13,"column":63}},"type":"binary-expr","locations":[{"start":{"line":13,"column":32},"end":{"line":13,"column":39}},{"start":{"line":13,"column":43},"end":{"line":13,"column":63}}],"line":13},"3":{"loc":{"start":{"line":21,"column":4},"end":{"line":25,"column":5}},"type":"if","locations":[{"start":{"line":21,"column":4},"end":{"line":25,"column":5}},{"start":{},"end":{}}],"line":21},"4":{"loc":{"start":{"line":21,"column":8},"end":{"line":21,"column":90}},"type":"binary-expr","locations":[{"start":{"line":21,"column":8},"end":{"line":21,"column":22}},{"start":{"line":21,"column":26},"end":{"line":21,"column":59}},{"start":{"line":21,"column":63},"end":{"line":21,"column":90}}],"line":21},"5":{"loc":{"start":{"line":26,"column":4},"end":{"line":30,"column":5}},"type":"if","locations":[{"start":{"line":26,"column":4},"end":{"line":30,"column":5}},{"start":{},"end":{}}],"line":26},"6":{"loc":{"start":{"line":26,"column":8},"end":{"line":26,"column":73}},"type":"binary-expr","locations":[{"start":{"line":26,"column":8},"end":{"line":26,"column":19}},{"start":{"line":26,"column":23},"end":{"line":26,"column":73}}],"line":26},"7":{"loc":{"start":{"line":31,"column":4},"end":{"line":35,"column":5}},"type":"if","locations":[{"start":{"line":31,"column":4},"end":{"line":35,"column":5}},{"start":{},"end":{}}],"line":31},"8":{"loc":{"start":{"line":31,"column":8},"end":{"line":31,"column":59}},"type":"binary-expr","locations":[{"start":{"line":31,"column":8},"end":{"line":31,"column":22}},{"start":{"line":31,"column":26},"end":{"line":31,"column":59}}],"line":31},"9":{"loc":{"start":{"line":36,"column":4},"end":{"line":40,"column":5}},"type":"if","locations":[{"start":{"line":36,"column":4},"end":{"line":40,"column":5}},{"start":{},"end":{}}],"line":36},"10":{"loc":{"start":{"line":36,"column":8},"end":{"line":36,"column":53}},"type":"binary-expr","locations":[{"start":{"line":36,"column":8},"end":{"line":36,"column":19}},{"start":{"line":36,"column":23},"end":{"line":36,"column":53}}],"line":36},"11":{"loc":{"start":{"line":41,"column":4},"end":{"line":45,"column":5}},"type":"if","locations":[{"start":{"line":41,"column":4},"end":{"line":45,"column":5}},{"start":{},"end":{}}],"line":41},"12":{"loc":{"start":{"line":41,"column":8},"end":{"line":41,"column":50}},"type":"binary-expr","locations":[{"start":{"line":41,"column":8},"end":{"line":41,"column":22}},{"start":{"line":41,"column":26},"end":{"line":41,"column":50}}],"line":41},"13":{"loc":{"start":{"line":49,"column":4},"end":{"line":53,"column":5}},"type":"if","locations":[{"start":{"line":49,"column":4},"end":{"line":53,"column":5}},{"start":{},"end":{}}],"line":49},"14":{"loc":{"start":{"line":58,"column":6},"end":{"line":62,"column":7}},"type":"if","locations":[{"start":{"line":58,"column":6},"end":{"line":62,"column":7}},{"start":{},"end":{}}],"line":58},"15":{"loc":{"start":{"line":64,"column":56},"end":{"line":64,"column":76}},"type":"binary-expr","locations":[{"start":{"line":64,"column":56},"end":{"line":64,"column":65}},{"start":{"line":64,"column":69},"end":{"line":64,"column":76}}],"line":64},"16":{"loc":{"start":{"line":69,"column":56},"end":{"line":69,"column":97}},"type":"binary-expr","locations":[{"start":{"line":69,"column":56},"end":{"line":69,"column":68}},{"start":{"line":69,"column":72},"end":{"line":69,"column":97}}],"line":69},"17":{"loc":{"start":{"line":71,"column":78},"end":{"line":71,"column":97}},"type":"binary-expr","locations":[{"start":{"line":71,"column":78},"end":{"line":71,"column":90}},{"start":{"line":71,"column":94},"end":{"line":71,"column":97}}],"line":71},"18":{"loc":{"start":{"line":75,"column":6},"end":{"line":79,"column":7}},"type":"if","locations":[{"start":{"line":75,"column":6},"end":{"line":79,"column":7}},{"start":{},"end":{}}],"line":75},"19":{"loc":{"start":{"line":75,"column":10},"end":{"line":75,"column":59}},"type":"binary-expr","locations":[{"start":{"line":75,"column":10},"end":{"line":75,"column":34}},{"start":{"line":75,"column":38},"end":{"line":75,"column":59}}],"line":75},"20":{"loc":{"start":{"line":88,"column":4},"end":{"line":92,"column":5}},"type":"if","locations":[{"start":{"line":88,"column":4},"end":{"line":92,"column":5}},{"start":{},"end":{}}],"line":88},"21":{"loc":{"start":{"line":88,"column":8},"end":{"line":88,"column":75}},"type":"binary-expr","locations":[{"start":{"line":88,"column":8},"end":{"line":88,"column":17}},{"start":{"line":88,"column":21},"end":{"line":88,"column":49}},{"start":{"line":88,"column":53},"end":{"line":88,"column":75}}],"line":88},"22":{"loc":{"start":{"line":98,"column":4},"end":{"line":98,"column":54}},"type":"if","locations":[{"start":{"line":98,"column":4},"end":{"line":98,"column":54}},{"start":{},"end":{}}],"line":98},"23":{"loc":{"start":{"line":98,"column":8},"end":{"line":98,"column":39}},"type":"binary-expr","locations":[{"start":{"line":98,"column":8},"end":{"line":98,"column":12}},{"start":{"line":98,"column":16},"end":{"line":98,"column":39}}],"line":98},"24":{"loc":{"start":{"line":100,"column":4},"end":{"line":100,"column":77}},"type":"if","locations":[{"start":{"line":100,"column":4},"end":{"line":100,"column":77}},{"start":{},"end":{}}],"line":100},"25":{"loc":{"start":{"line":100,"column":8},"end":{"line":100,"column":62}},"type":"binary-expr","locations":[{"start":{"line":100,"column":8},"end":{"line":100,"column":28}},{"start":{"line":100,"column":32},"end":{"line":100,"column":62}}],"line":100},"26":{"loc":{"start":{"line":105,"column":13},"end":{"line":105,"column":33}},"type":"cond-expr","locations":[{"start":{"line":105,"column":26},"end":{"line":105,"column":27}},{"start":{"line":105,"column":30},"end":{"line":105,"column":33}}],"line":105},"27":{"loc":{"start":{"line":109,"column":11},"end":{"line":109,"column":76}},"type":"binary-expr","locations":[{"start":{"line":109,"column":11},"end":{"line":109,"column":41}},{"start":{"line":109,"column":45},"end":{"line":109,"column":76}}],"line":109}},"s":{"0":2,"1":18,"2":18,"3":18,"4":3,"5":3,"6":1,"7":2,"8":15,"9":15,"10":2,"11":2,"12":2,"13":13,"14":0,"15":0,"16":0,"17":13,"18":0,"19":0,"20":0,"21":13,"22":0,"23":0,"24":0,"25":13,"26":1,"27":1,"28":1,"29":12,"30":12,"31":1,"32":1,"33":1,"34":11,"35":11,"36":11,"37":11,"38":0,"39":0,"40":0,"41":11,"42":11,"43":11,"44":11,"45":8,"46":8,"47":1,"48":8,"49":3,"50":1,"51":1,"52":1,"53":2,"54":11,"55":2,"56":0,"57":0,"58":0,"59":2,"60":5,"61":2,"62":3,"63":3,"64":1,"65":2,"66":4,"67":4,"68":4,"69":38,"70":4,"71":4,"72":2,"73":2,"74":2},"f":{"0":18,"1":3,"2":15,"3":2,"4":5,"5":4},"b":{"0":[1,2],"1":[3,2],"2":[1,0],"3":[2,13],"4":[15,13,13],"5":[0,13],"6":[13,13],"7":[0,13],"8":[13,13],"9":[0,13],"10":[13,13],"11":[1,12],"12":[13,13],"13":[1,11],"14":[0,11],"15":[11,0],"16":[8,0],"17":[1,0],"18":[1,2],"19":[3,2],"20":[0,2],"21":[2,2,2],"22":[2,3],"23":[5,3],"24":[1,2],"25":[3,3],"26":[1,3],"27":[2,2]},"inputSourceMap":null,"_coverageSchema":"1a1c01bbd47fc00a2c39e90264f33305004495a9","hash":"8fe4a392d3a5d3a3b318a21c5063790c94075696"},"C:\\Users\\natha\\Desktop\\hotel-management-system\\services\\user\\src\\infrastructure\\UserRepository.js":{"path":"C:\\Users\\natha\\Desktop\\hotel-management-system\\services\\user\\src\\infrastructure\\UserRepository.js","statementMap":{"0":{"start":{"line":3,"column":19},"end":{"line":18,"column":1}},"1":{"start":{"line":20,"column":0},"end":{"line":20,"column":52}},"2":{"start":{"line":22,"column":18},"end":{"line":22,"column":52}},"3":{"start":{"line":26,"column":4},"end":{"line":30,"column":7}},"4":{"start":{"line":31,"column":4},"end":{"line":71,"column":5}},"5":{"start":{"line":32,"column":18},"end":{"line":38,"column":8}},"6":{"start":{"line":39,"column":6},"end":{"line":49,"column":7}},"7":{"start":{"line":41,"column":10},"end":{"line":45,"column":24}},"8":{"start":{"line":46,"column":20},"end":{"line":46,"column":56}},"9":{"start":{"line":47,"column":8},"end":{"line":47,"column":29}},"10":{"start":{"line":48,"column":8},"end":{"line":48,"column":18}},"11":{"start":{"line":51,"column":22},"end":{"line":51,"column":41}},"12":{"start":{"line":52,"column":24},"end":{"line":52,"column":44}},"13":{"start":{"line":53,"column":6},"end":{"line":57,"column":9}},"14":{"start":{"line":58,"column":6},"end":{"line":58,"column":23}},"15":{"start":{"line":60,"column":6},"end":{"line":63,"column":9}},"16":{"start":{"line":65,"column":6},"end":{"line":69,"column":7}},"17":{"start":{"line":66,"column":20},"end":{"line":66,"column":56}},"18":{"start":{"line":67,"column":8},"end":{"line":67,"column":29}},"19":{"start":{"line":68,"column":8},"end":{"line":68,"column":18}},"20":{"start":{"line":70,"column":6},"end":{"line":70,"column":18}},"21":{"start":{"line":75,"column":4},"end":{"line":75,"column":80}},"22":{"start":{"line":76,"column":4},"end":{"line":86,"column":5}},"23":{"start":{"line":77,"column":19},"end":{"line":77,"column":56}},"24":{"start":{"line":78,"column":6},"end":{"line":78,"column":65}},"25":{"start":{"line":79,"column":6},"end":{"line":79,"column":18}},"26":{"start":{"line":81,"column":6},"end":{"line":84,"column":9}},"27":{"start":{"line":85,"column":6},"end":{"line":85,"column":18}},"28":{"start":{"line":90,"column":4},"end":{"line":94,"column":5}},"29":{"start":{"line":91,"column":6},"end":{"line":91,"column":51}},"30":{"start":{"line":93,"column":6},"end":{"line":93,"column":18}},"31":{"start":{"line":98,"column":4},"end":{"line":98,"column":68}},"32":{"start":{"line":99,"column":4},"end":{"line":107,"column":5}},"33":{"start":{"line":100,"column":19},"end":{"line":100,"column":47}},"34":{"start":{"line":101,"column":6},"end":{"line":101,"column":18}},"35":{"start":{"line":103,"column":6},"end":{"line":105,"column":9}},"36":{"start":{"line":106,"column":6},"end":{"line":106,"column":18}},"37":{"start":{"line":111,"column":4},"end":{"line":114,"column":7}},"38":{"start":{"line":115,"column":4},"end":{"line":139,"column":5}},"39":{"start":{"line":116,"column":36},"end":{"line":116,"column":46}},"40":{"start":{"line":117,"column":22},"end":{"line":120,"column":8}},"41":{"start":{"line":121,"column":6},"end":{"line":125,"column":7}},"42":{"start":{"line":122,"column":20},"end":{"line":122,"column":55}},"43":{"start":{"line":123,"column":8},"end":{"line":123,"column":29}},"44":{"start":{"line":124,"column":8},"end":{"line":124,"column":18}},"45":{"start":{"line":126,"column":6},"end":{"line":126,"column":21}},"46":{"start":{"line":128,"column":6},"end":{"line":132,"column":7}},"47":{"start":{"line":129,"column":20},"end":{"line":129,"column":60}},"48":{"start":{"line":130,"column":8},"end":{"line":130,"column":29}},"49":{"start":{"line":131,"column":8},"end":{"line":131,"column":18}},"50":{"start":{"line":133,"column":6},"end":{"line":137,"column":7}},"51":{"start":{"line":134,"column":20},"end":{"line":134,"column":48}},"52":{"start":{"line":135,"column":8},"end":{"line":135,"column":29}},"53":{"start":{"line":136,"column":8},"end":{"line":136,"column":18}},"54":{"start":{"line":138,"column":6},"end":{"line":138,"column":18}},"55":{"start":{"line":143,"column":4},"end":{"line":146,"column":6}},"56":{"start":{"line":147,"column":4},"end":{"line":168,"column":5}},"57":{"start":{"line":148,"column":21},"end":{"line":148,"column":60}},"58":{"start":{"line":149,"column":6},"end":{"line":161,"column":7}},"59":{"start":{"line":150,"column":8},"end":{"line":153,"column":10}},"60":{"start":{"line":154,"column":8},"end":{"line":154,"column":20}},"61":{"start":{"line":156,"column":8},"end":{"line":159,"column":10}},"62":{"start":{"line":160,"column":8},"end":{"line":160,"column":21}},"63":{"start":{"line":163,"column":6},"end":{"line":166,"column":9}},"64":{"start":{"line":167,"column":6},"end":{"line":167,"column":18}}},"fnMap":{"0":{"name":"(anonymous_0)","decl":{"start":{"line":25,"column":2},"end":{"line":25,"column":3}},"loc":{"start":{"line":25,"column":19},"end":{"line":72,"column":3}},"line":25},"1":{"name":"(anonymous_1)","decl":{"start":{"line":74,"column":2},"end":{"line":74,"column":3}},"loc":{"start":{"line":74,"column":33},"end":{"line":87,"column":3}},"line":74},"2":{"name":"(anonymous_2)","decl":{"start":{"line":89,"column":2},"end":{"line":89,"column":3}},"loc":{"start":{"line":89,"column":17},"end":{"line":95,"column":3}},"line":89},"3":{"name":"(anonymous_3)","decl":{"start":{"line":97,"column":2},"end":{"line":97,"column":3}},"loc":{"start":{"line":97,"column":21},"end":{"line":108,"column":3}},"line":97},"4":{"name":"(anonymous_4)","decl":{"start":{"line":110,"column":2},"end":{"line":110,"column":3}},"loc":{"start":{"line":110,"column":41},"end":{"line":140,"column":3}},"line":110},"5":{"name":"(anonymous_5)","decl":{"start":{"line":142,"column":2},"end":{"line":142,"column":3}},"loc":{"start":{"line":142,"column":35},"end":{"line":169,"column":3}},"line":142}},"branchMap":{"0":{"loc":{"start":{"line":39,"column":6},"end":{"line":49,"column":7}},"type":"if","locations":[{"start":{"line":39,"column":6},"end":{"line":49,"column":7}},{"start":{},"end":{}}],"line":39},"1":{"loc":{"start":{"line":41,"column":10},"end":{"line":45,"column":24}},"type":"cond-expr","locations":[{"start":{"line":42,"column":14},"end":{"line":42,"column":21}},{"start":{"line":43,"column":14},"end":{"line":45,"column":24}}],"line":41},"2":{"loc":{"start":{"line":43,"column":14},"end":{"line":45,"column":24}},"type":"cond-expr","locations":[{"start":{"line":44,"column":14},"end":{"line":44,"column":24}},{"start":{"line":45,"column":14},"end":{"line":45,"column":24}}],"line":43},"3":{"loc":{"start":{"line":65,"column":6},"end":{"line":69,"column":7}},"type":"if","locations":[{"start":{"line":65,"column":6},"end":{"line":69,"column":7}},{"start":{},"end":{}}],"line":65},"4":{"loc":{"start":{"line":113,"column":26},"end":{"line":113,"column":36}},"type":"binary-expr","locations":[{"start":{"line":113,"column":26},"end":{"line":113,"column":30}},{"start":{"line":113,"column":34},"end":{"line":113,"column":36}}],"line":113},"5":{"loc":{"start":{"line":116,"column":36},"end":{"line":116,"column":46}},"type":"binary-expr","locations":[{"start":{"line":116,"column":36},"end":{"line":116,"column":40}},{"start":{"line":116,"column":44},"end":{"line":116,"column":46}}],"line":116},"6":{"loc":{"start":{"line":121,"column":6},"end":{"line":125,"column":7}},"type":"if","locations":[{"start":{"line":121,"column":6},"end":{"line":125,"column":7}},{"start":{},"end":{}}],"line":121},"7":{"loc":{"start":{"line":128,"column":6},"end":{"line":132,"column":7}},"type":"if","locations":[{"start":{"line":128,"column":6},"end":{"line":132,"column":7}},{"start":{},"end":{}}],"line":128},"8":{"loc":{"start":{"line":133,"column":6},"end":{"line":137,"column":7}},"type":"if","locations":[{"start":{"line":133,"column":6},"end":{"line":137,"column":7}},{"start":{},"end":{}}],"line":133},"9":{"loc":{"start":{"line":149,"column":6},"end":{"line":161,"column":7}},"type":"if","locations":[{"start":{"line":149,"column":6},"end":{"line":161,"column":7}},{"start":{"line":155,"column":13},"end":{"line":161,"column":7}}],"line":149}},"s":{"0":2,"1":2,"2":2,"3":6,"4":6,"5":6,"6":6,"7":1,"8":1,"9":1,"10":1,"11":5,"12":5,"13":5,"14":5,"15":1,"16":1,"17":0,"18":0,"19":0,"20":1,"21":2,"22":2,"23":2,"24":2,"25":2,"26":0,"27":0,"28":2,"29":2,"30":0,"31":0,"32":0,"33":0,"34":0,"35":0,"36":0,"37":0,"38":0,"39":0,"40":0,"41":0,"42":0,"43":0,"44":0,"45":0,"46":0,"47":0,"48":0,"49":0,"50":0,"51":0,"52":0,"53":0,"54":0,"55":0,"56":0,"57":0,"58":0,"59":0,"60":0,"61":0,"62":0,"63":0,"64":0},"f":{"0":6,"1":2,"2":2,"3":0,"4":0,"5":0},"b":{"0":[1,5],"1":[1,0],"2":[0,0],"3":[0,1],"4":[0,0],"5":[0,0],"6":[0,0],"7":[0,0],"8":[0,0],"9":[0,0]},"inputSourceMap":null,"_coverageSchema":"1a1c01bbd47fc00a2c39e90264f33305004495a9","hash":"f68dbd710198c89cb7b5091ba513f90fcc63f5b5"},"C:\\Users\\natha\\Desktop\\hotel-management-system\\services\\user\\src\\interfaces\\dto\\userSchemas.js":{"path":"C:\\Users\\natha\\Desktop\\hotel-management-system\\services\\user\\src\\interfaces\\dto\\userSchemas.js","statementMap":{"0":{"start":{"line":3,"column":30},"end":{"line":12,"column":4}},"1":{"start":{"line":14,"column":30},"end":{"line":45,"column":2}},"2":{"start":{"line":27,"column":21},"end":{"line":27,"column":53}},"3":{"start":{"line":28,"column":6},"end":{"line":30,"column":7}},"4":{"start":{"line":29,"column":8},"end":{"line":29,"column":71}},"5":{"start":{"line":31,"column":6},"end":{"line":31,"column":19}},"6":{"start":{"line":36,"column":21},"end":{"line":36,"column":57}},"7":{"start":{"line":37,"column":25},"end":{"line":37,"column":57}},"8":{"start":{"line":38,"column":6},"end":{"line":40,"column":7}},"9":{"start":{"line":39,"column":8},"end":{"line":39,"column":86}},"10":{"start":{"line":41,"column":6},"end":{"line":41,"column":19}}},"fnMap":{"0":{"name":"(anonymous_0)","decl":{"start":{"line":26,"column":12},"end":{"line":26,"column":13}},"loc":{"start":{"line":26,"column":32},"end":{"line":32,"column":5}},"line":26},"1":{"name":"(anonymous_1)","decl":{"start":{"line":35,"column":12},"end":{"line":35,"column":13}},"loc":{"start":{"line":35,"column":32},"end":{"line":42,"column":5}},"line":35}},"branchMap":{"0":{"loc":{"start":{"line":28,"column":6},"end":{"line":30,"column":7}},"type":"if","locations":[{"start":{"line":28,"column":6},"end":{"line":30,"column":7}},{"start":{},"end":{}}],"line":28},"1":{"loc":{"start":{"line":28,"column":10},"end":{"line":28,"column":49}},"type":"binary-expr","locations":[{"start":{"line":28,"column":10},"end":{"line":28,"column":27}},{"start":{"line":28,"column":31},"end":{"line":28,"column":49}}],"line":28},"2":{"loc":{"start":{"line":38,"column":6},"end":{"line":40,"column":7}},"type":"if","locations":[{"start":{"line":38,"column":6},"end":{"line":40,"column":7}},{"start":{},"end":{}}],"line":38},"3":{"loc":{"start":{"line":38,"column":10},"end":{"line":38,"column":43}},"type":"binary-expr","locations":[{"start":{"line":38,"column":10},"end":{"line":38,"column":24}},{"start":{"line":38,"column":28},"end":{"line":38,"column":43}}],"line":38}},"s":{"0":1,"1":1,"2":0,"3":0,"4":0,"5":0,"6":0,"7":0,"8":0,"9":0,"10":0},"f":{"0":0,"1":0},"b":{"0":[0,0],"1":[0,0],"2":[0,0],"3":[0,0]},"inputSourceMap":null,"_coverageSchema":"1a1c01bbd47fc00a2c39e90264f33305004495a9","hash":"8385a053dfd31a1e764bc1b5b9d953180077eb8b"},"C:\\Users\\natha\\Desktop\\hotel-management-system\\services\\user\\src\\infrastructure\\passwordHasher.js":{"path":"C:\\Users\\natha\\Desktop\\hotel-management-system\\services\\user\\src\\infrastructure\\passwordHasher.js","statementMap":{"0":{"start":{"line":5,"column":4},"end":{"line":5,"column":25}},"1":{"start":{"line":9,"column":17},"end":{"line":9,"column":50}},"2":{"start":{"line":10,"column":4},"end":{"line":10,"column":36}},"3":{"start":{"line":14,"column":4},"end":{"line":14,"column":41}}},"fnMap":{"0":{"name":"(anonymous_0)","decl":{"start":{"line":4,"column":2},"end":{"line":4,"column":3}},"loc":{"start":{"line":4,"column":27},"end":{"line":6,"column":3}},"line":4},"1":{"name":"(anonymous_1)","decl":{"start":{"line":8,"column":2},"end":{"line":8,"column":3}},"loc":{"start":{"line":8,"column":20},"end":{"line":11,"column":3}},"line":8},"2":{"name":"(anonymous_2)","decl":{"start":{"line":13,"column":2},"end":{"line":13,"column":3}},"loc":{"start":{"line":13,"column":31},"end":{"line":15,"column":3}},"line":13}},"branchMap":{"0":{"loc":{"start":{"line":4,"column":14},"end":{"line":4,"column":25}},"type":"default-arg","locations":[{"start":{"line":4,"column":23},"end":{"line":4,"column":25}}],"line":4}},"s":{"0":1,"1":0,"2":0,"3":0},"f":{"0":1,"1":0,"2":0},"b":{"0":[1]},"inputSourceMap":null,"_coverageSchema":"1a1c01bbd47fc00a2c39e90264f33305004495a9","hash":"d7d1b9cc54011033725fce664bc06904c33ea20d"},"C:\\Users\\natha\\Desktop\\hotel-management-system\\services\\user\\src\\interfaces\\userController.js":{"path":"C:\\Users\\natha\\Desktop\\hotel-management-system\\services\\user\\src\\interfaces\\userController.js","statementMap":{"0":{"start":{"line":9,"column":23},"end":{"line":9,"column":47}},"1":{"start":{"line":10,"column":23},"end":{"line":10,"column":49}},"2":{"start":{"line":11,"column":20},"end":{"line":15,"column":1}},"3":{"start":{"line":17,"column":24},"end":{"line":37,"column":1}},"4":{"start":{"line":18,"column":33},"end":{"line":18,"column":41}},"5":{"start":{"line":19,"column":17},"end":{"line":19,"column":67}},"6":{"start":{"line":20,"column":2},"end":{"line":30,"column":3}},"7":{"start":{"line":21,"column":4},"end":{"line":29,"column":9}},"8":{"start":{"line":32,"column":2},"end":{"line":36,"column":5}},"9":{"start":{"line":41,"column":21},"end":{"line":41,"column":39}},"10":{"start":{"line":42,"column":0},"end":{"line":48,"column":1}},"11":{"start":{"line":43,"column":2},"end":{"line":47,"column":5}},"12":{"start":{"line":50,"column":24},"end":{"line":124,"column":1}},"13":{"start":{"line":51,"column":2},"end":{"line":123,"column":3}},"14":{"start":{"line":52,"column":4},"end":{"line":52,"column":67}},"15":{"start":{"line":54,"column":29},"end":{"line":56,"column":6}},"16":{"start":{"line":57,"column":4},"end":{"line":65,"column":5}},"17":{"start":{"line":58,"column":6},"end":{"line":58,"column":58}},"18":{"start":{"line":59,"column":6},"end":{"line":64,"column":11}},"19":{"start":{"line":63,"column":45},"end":{"line":63,"column":54}},"20":{"start":{"line":67,"column":21},"end":{"line":67,"column":60}},"21":{"start":{"line":68,"column":18},"end":{"line":70,"column":32}},"22":{"start":{"line":71,"column":21},"end":{"line":73,"column":21}},"23":{"start":{"line":74,"column":18},"end":{"line":76,"column":24}},"24":{"start":{"line":77,"column":21},"end":{"line":77,"column":35}},"25":{"start":{"line":78,"column":17},"end":{"line":78,"column":27}},"26":{"start":{"line":80,"column":4},"end":{"line":80,"column":65}},"27":{"start":{"line":82,"column":17},"end":{"line":90,"column":6}},"28":{"start":{"line":92,"column":18},"end":{"line":92,"column":52}},"29":{"start":{"line":93,"column":4},"end":{"line":98,"column":7}},"30":{"start":{"line":100,"column":16},"end":{"line":110,"column":5}},"31":{"start":{"line":111,"column":4},"end":{"line":113,"column":70}},"32":{"start":{"line":115,"column":4},"end":{"line":118,"column":7}},"33":{"start":{"line":119,"column":19},"end":{"line":119,"column":40}},"34":{"start":{"line":120,"column":4},"end":{"line":122,"column":66}},"35":{"start":{"line":126,"column":26},"end":{"line":159,"column":1}},"36":{"start":{"line":127,"column":2},"end":{"line":158,"column":3}},"37":{"start":{"line":128,"column":25},"end":{"line":128,"column":35}},"38":{"start":{"line":129,"column":4},"end":{"line":132,"column":6}},"39":{"start":{"line":134,"column":4},"end":{"line":138,"column":5}},"40":{"start":{"line":135,"column":6},"end":{"line":137,"column":79}},"41":{"start":{"line":140,"column":20},"end":{"line":140,"column":58}},"42":{"start":{"line":142,"column":4},"end":{"line":151,"column":5}},"43":{"start":{"line":143,"column":6},"end":{"line":143,"column":79}},"44":{"start":{"line":144,"column":6},"end":{"line":144,"column":61}},"45":{"start":{"line":146,"column":6},"end":{"line":149,"column":8}},"46":{"start":{"line":150,"column":6},"end":{"line":150,"column":63}},"47":{"start":{"line":153,"column":4},"end":{"line":156,"column":7}},"48":{"start":{"line":157,"column":4},"end":{"line":157,"column":62}}},"fnMap":{"0":{"name":"(anonymous_0)","decl":{"start":{"line":17,"column":24},"end":{"line":17,"column":25}},"loc":{"start":{"line":17,"column":44},"end":{"line":37,"column":1}},"line":17},"1":{"name":"(anonymous_1)","decl":{"start":{"line":50,"column":24},"end":{"line":50,"column":25}},"loc":{"start":{"line":50,"column":44},"end":{"line":124,"column":1}},"line":50},"2":{"name":"(anonymous_2)","decl":{"start":{"line":63,"column":38},"end":{"line":63,"column":39}},"loc":{"start":{"line":63,"column":45},"end":{"line":63,"column":54}},"line":63},"3":{"name":"(anonymous_3)","decl":{"start":{"line":126,"column":26},"end":{"line":126,"column":27}},"loc":{"start":{"line":126,"column":46},"end":{"line":159,"column":1}},"line":126}},"branchMap":{"0":{"loc":{"start":{"line":20,"column":2},"end":{"line":30,"column":3}},"type":"if","locations":[{"start":{"line":20,"column":2},"end":{"line":30,"column":3}},{"start":{},"end":{}}],"line":20},"1":{"loc":{"start":{"line":42,"column":0},"end":{"line":48,"column":1}},"type":"if","locations":[{"start":{"line":42,"column":0},"end":{"line":48,"column":1}},{"start":{},"end":{}}],"line":42},"2":{"loc":{"start":{"line":57,"column":4},"end":{"line":65,"column":5}},"type":"if","locations":[{"start":{"line":57,"column":4},"end":{"line":65,"column":5}},{"start":{},"end":{}}],"line":57},"3":{"loc":{"start":{"line":67,"column":21},"end":{"line":67,"column":60}},"type":"binary-expr","locations":[{"start":{"line":67,"column":21},"end":{"line":67,"column":35}},{"start":{"line":67,"column":39},"end":{"line":67,"column":60}}],"line":67},"4":{"loc":{"start":{"line":68,"column":18},"end":{"line":70,"column":32}},"type":"cond-expr","locations":[{"start":{"line":69,"column":8},"end":{"line":69,"column":40}},{"start":{"line":70,"column":8},"end":{"line":70,"column":32}}],"line":68},"5":{"loc":{"start":{"line":71,"column":21},"end":{"line":73,"column":21}},"type":"cond-expr","locations":[{"start":{"line":72,"column":8},"end":{"line":72,"column":41}},{"start":{"line":73,"column":8},"end":{"line":73,"column":21}}],"line":71},"6":{"loc":{"start":{"line":74,"column":18},"end":{"line":76,"column":24}},"type":"cond-expr","locations":[{"start":{"line":75,"column":8},"end":{"line":75,"column":42}},{"start":{"line":76,"column":8},"end":{"line":76,"column":24}}],"line":74},"7":{"loc":{"start":{"line":94,"column":10},"end":{"line":94,"column":45}},"type":"binary-expr","locations":[{"start":{"line":94,"column":10},"end":{"line":94,"column":33}},{"start":{"line":94,"column":37},"end":{"line":94,"column":45}}],"line":94},"8":{"loc":{"start":{"line":101,"column":10},"end":{"line":101,"column":45}},"type":"binary-expr","locations":[{"start":{"line":101,"column":10},"end":{"line":101,"column":33}},{"start":{"line":101,"column":37},"end":{"line":101,"column":45}}],"line":101},"9":{"loc":{"start":{"line":119,"column":19},"end":{"line":119,"column":40}},"type":"binary-expr","locations":[{"start":{"line":119,"column":19},"end":{"line":119,"column":33}},{"start":{"line":119,"column":37},"end":{"line":119,"column":40}}],"line":119},"10":{"loc":{"start":{"line":122,"column":20},"end":{"line":122,"column":62}},"type":"binary-expr","locations":[{"start":{"line":122,"column":20},"end":{"line":122,"column":31}},{"start":{"line":122,"column":35},"end":{"line":122,"column":62}}],"line":122},"11":{"loc":{"start":{"line":134,"column":4},"end":{"line":138,"column":5}},"type":"if","locations":[{"start":{"line":134,"column":4},"end":{"line":138,"column":5}},{"start":{},"end":{}}],"line":134},"12":{"loc":{"start":{"line":134,"column":8},"end":{"line":134,"column":75}},"type":"binary-expr","locations":[{"start":{"line":134,"column":8},"end":{"line":134,"column":17}},{"start":{"line":134,"column":21},"end":{"line":134,"column":49}},{"start":{"line":134,"column":53},"end":{"line":134,"column":75}}],"line":134},"13":{"loc":{"start":{"line":142,"column":4},"end":{"line":151,"column":5}},"type":"if","locations":[{"start":{"line":142,"column":4},"end":{"line":151,"column":5}},{"start":{"line":145,"column":11},"end":{"line":151,"column":5}}],"line":142}},"s":{"0":1,"1":1,"2":1,"3":1,"4":0,"5":0,"6":0,"7":0,"8":0,"9":1,"10":1,"11":1,"12":1,"13":3,"14":3,"15":3,"16":3,"17":3,"18":3,"19":9,"20":0,"21":0,"22":0,"23":0,"24":0,"25":0,"26":0,"27":0,"28":0,"29":0,"30":0,"31":0,"32":0,"33":0,"34":0,"35":1,"36":0,"37":0,"38":0,"39":0,"40":0,"41":0,"42":0,"43":0,"44":0,"45":0,"46":0,"47":0,"48":0},"f":{"0":0,"1":3,"2":9,"3":0},"b":{"0":[0,0],"1":[1,0],"2":[3,0],"3":[0,0],"4":[0,0],"5":[0,0],"6":[0,0],"7":[0,0],"8":[0,0],"9":[0,0],"10":[0,0],"11":[0,0],"12":[0,0,0],"13":[0,0]},"inputSourceMap":null,"_coverageSchema":"1a1c01bbd47fc00a2c39e90264f33305004495a9","hash":"f75234aadd3e1c2d05afd2680c50a71882c8cf9c"},"C:\\Users\\natha\\Desktop\\hotel-management-system\\services\\user\\src\\interfaces\\config\\secrets.js":{"path":"C:\\Users\\natha\\Desktop\\hotel-management-system\\services\\user\\src\\interfaces\\config\\secrets.js","statementMap":{"0":{"start":{"line":7,"column":19},"end":{"line":7,"column":39}},"1":{"start":{"line":8,"column":2},"end":{"line":8,"column":29}},"2":{"start":{"line":8,"column":17},"end":{"line":8,"column":29}},"3":{"start":{"line":9,"column":2},"end":{"line":9,"column":81}},"4":{"start":{"line":9,"column":8},"end":{"line":9,"column":56}},"5":{"start":{"line":9,"column":67},"end":{"line":9,"column":79}},"6":{"start":{"line":14,"column":2},"end":{"line":17,"column":3}},"7":{"start":{"line":15,"column":20},"end":{"line":15,"column":44}},"8":{"start":{"line":16,"column":4},"end":{"line":16,"column":32}},"9":{"start":{"line":16,"column":17},"end":{"line":16,"column":32}},"10":{"start":{"line":18,"column":2},"end":{"line":18,"column":26}},"11":{"start":{"line":22,"column":2},"end":{"line":22,"column":53}},"12":{"start":{"line":22,"column":39},"end":{"line":22,"column":53}},"13":{"start":{"line":23,"column":2},"end":{"line":23,"column":37}},"14":{"start":{"line":23,"column":24},"end":{"line":23,"column":37}},"15":{"start":{"line":24,"column":2},"end":{"line":24,"column":14}}},"fnMap":{"0":{"name":"readFromFileVar","decl":{"start":{"line":6,"column":9},"end":{"line":6,"column":24}},"loc":{"start":{"line":6,"column":34},"end":{"line":10,"column":1}},"line":6},"1":{"name":"getSecret","decl":{"start":{"line":13,"column":16},"end":{"line":13,"column":25}},"loc":{"start":{"line":13,"column":40},"end":{"line":19,"column":1}},"line":13},"2":{"name":"getSecretSource","decl":{"start":{"line":21,"column":16},"end":{"line":21,"column":31}},"loc":{"start":{"line":21,"column":46},"end":{"line":25,"column":1}},"line":21}},"branchMap":{"0":{"loc":{"start":{"line":8,"column":2},"end":{"line":8,"column":29}},"type":"if","locations":[{"start":{"line":8,"column":2},"end":{"line":8,"column":29}},{"start":{},"end":{}}],"line":8},"1":{"loc":{"start":{"line":14,"column":2},"end":{"line":17,"column":3}},"type":"if","locations":[{"start":{"line":14,"column":2},"end":{"line":17,"column":3}},{"start":{},"end":{}}],"line":14},"2":{"loc":{"start":{"line":16,"column":4},"end":{"line":16,"column":32}},"type":"if","locations":[{"start":{"line":16,"column":4},"end":{"line":16,"column":32}},{"start":{},"end":{}}],"line":16},"3":{"loc":{"start":{"line":22,"column":2},"end":{"line":22,"column":53}},"type":"if","locations":[{"start":{"line":22,"column":2},"end":{"line":22,"column":53}},{"start":{},"end":{}}],"line":22},"4":{"loc":{"start":{"line":22,"column":6},"end":{"line":22,"column":37}},"type":"binary-expr","locations":[{"start":{"line":22,"column":6},"end":{"line":22,"column":13}},{"start":{"line":22,"column":17},"end":{"line":22,"column":37}}],"line":22},"5":{"loc":{"start":{"line":23,"column":2},"end":{"line":23,"column":37}},"type":"if","locations":[{"start":{"line":23,"column":2},"end":{"line":23,"column":37}},{"start":{},"end":{}}],"line":23}},"s":{"0":1,"1":1,"2":1,"3":0,"4":0,"5":0,"6":1,"7":1,"8":1,"9":0,"10":1,"11":0,"12":0,"13":0,"14":0,"15":0},"f":{"0":1,"1":1,"2":0},"b":{"0":[1,0],"1":[1,0],"2":[0,1],"3":[0,0],"4":[0,0],"5":[0,0]},"inputSourceMap":null,"_coverageSchema":"1a1c01bbd47fc00a2c39e90264f33305004495a9","hash":"33d3d759d28aa0fddab35b5ae3c8c3b12a0dfd93"},"C:\\Users\\natha\\Desktop\\hotel-management-system\\services\\user\\src\\application\\AuthService.js":{"path":"C:\\Users\\natha\\Desktop\\hotel-management-system\\services\\user\\src\\application\\AuthService.js","statementMap":{"0":{"start":{"line":6,"column":4},"end":{"line":6,"column":98}},"1":{"start":{"line":10,"column":4},"end":{"line":23,"column":5}},"2":{"start":{"line":12,"column":26},"end":{"line":12,"column":79}},"3":{"start":{"line":13,"column":22},"end":{"line":13,"column":58}},"4":{"start":{"line":15,"column":22},"end":{"line":15,"column":50}},"5":{"start":{"line":16,"column":6},"end":{"line":18,"column":7}},"6":{"start":{"line":17,"column":8},"end":{"line":17,"column":74}},"7":{"start":{"line":19,"column":6},"end":{"line":19,"column":91}},"8":{"start":{"line":21,"column":6},"end":{"line":21,"column":60}},"9":{"start":{"line":22,"column":6},"end":{"line":22,"column":83}},"10":{"start":{"line":27,"column":4},"end":{"line":27,"column":63}}},"fnMap":{"0":{"name":"(anonymous_0)","decl":{"start":{"line":5,"column":2},"end":{"line":5,"column":3}},"loc":{"start":{"line":5,"column":22},"end":{"line":7,"column":3}},"line":5},"1":{"name":"(anonymous_1)","decl":{"start":{"line":9,"column":2},"end":{"line":9,"column":3}},"loc":{"start":{"line":9,"column":29},"end":{"line":24,"column":3}},"line":9},"2":{"name":"(anonymous_2)","decl":{"start":{"line":26,"column":2},"end":{"line":26,"column":3}},"loc":{"start":{"line":26,"column":25},"end":{"line":28,"column":3}},"line":26}},"branchMap":{"0":{"loc":{"start":{"line":6,"column":18},"end":{"line":6,"column":97}},"type":"binary-expr","locations":[{"start":{"line":6,"column":18},"end":{"line":6,"column":24}},{"start":{"line":6,"column":28},"end":{"line":6,"column":70}},{"start":{"line":6,"column":74},"end":{"line":6,"column":97}}],"line":6},"1":{"loc":{"start":{"line":12,"column":26},"end":{"line":12,"column":79}},"type":"cond-expr","locations":[{"start":{"line":12,"column":57},"end":{"line":12,"column":71}},{"start":{"line":12,"column":74},"end":{"line":12,"column":79}}],"line":12},"2":{"loc":{"start":{"line":16,"column":6},"end":{"line":18,"column":7}},"type":"if","locations":[{"start":{"line":16,"column":6},"end":{"line":18,"column":7}},{"start":{},"end":{}}],"line":16}},"s":{"0":1,"1":0,"2":0,"3":0,"4":0,"5":0,"6":0,"7":0,"8":0,"9":0,"10":0},"f":{"0":1,"1":0,"2":0},"b":{"0":[1,1,1],"1":[0,0],"2":[0,0]},"inputSourceMap":null,"_coverageSchema":"1a1c01bbd47fc00a2c39e90264f33305004495a9","hash":"d9c2311c2f1d0688095bdb65d18a595263b4096a"},"C:\\Users\\natha\\Desktop\\hotel-management-system\\services\\user\\src\\interfaces\\routes.js":{"path":"C:\\Users\\natha\\Desktop\\hotel-management-system\\services\\user\\src\\interfaces\\routes.js","statementMap":{"0":{"start":{"line":20,"column":20},"end":{"line":20,"column":37}},"1":{"start":{"line":21,"column":25},"end":{"line":21,"column":65}},"2":{"start":{"line":23,"column":19},"end":{"line":23,"column":49}},"3":{"start":{"line":24,"column":18},"end":{"line":24,"column":42}},"4":{"start":{"line":27,"column":14},"end":{"line":27,"column":23}},"5":{"start":{"line":28,"column":2},"end":{"line":28,"column":26}},"6":{"start":{"line":30,"column":4},"end":{"line":40,"column":5}},"7":{"start":{"line":31,"column":26},"end":{"line":31,"column":68}},"8":{"start":{"line":32,"column":6},"end":{"line":37,"column":7}},"9":{"start":{"line":33,"column":32},"end":{"line":33,"column":54}},"10":{"start":{"line":34,"column":8},"end":{"line":34,"column":76}},"11":{"start":{"line":36,"column":8},"end":{"line":36,"column":76}},"12":{"start":{"line":39,"column":6},"end":{"line":39,"column":84}},"13":{"start":{"line":44,"column":20},"end":{"line":44,"column":36}},"14":{"start":{"line":46,"column":21},"end":{"line":46,"column":113}},"15":{"start":{"line":46,"column":42},"end":{"line":46,"column":112}},"16":{"start":{"line":47,"column":6},"end":{"line":47,"column":104}},"17":{"start":{"line":47,"column":32},"end":{"line":47,"column":68}},"18":{"start":{"line":47,"column":70},"end":{"line":47,"column":91}},"19":{"start":{"line":47,"column":92},"end":{"line":47,"column":102}},"20":{"start":{"line":48,"column":20},"end":{"line":48,"column":91}},"21":{"start":{"line":49,"column":6},"end":{"line":49,"column":29}},"22":{"start":{"line":50,"column":6},"end":{"line":50,"column":19}},"23":{"start":{"line":52,"column":37},"end":{"line":52,"column":98}},"24":{"start":{"line":52,"column":65},"end":{"line":52,"column":88}},"25":{"start":{"line":53,"column":21},"end":{"line":53,"column":81}},"26":{"start":{"line":53,"column":49},"end":{"line":53,"column":78}},"27":{"start":{"line":55,"column":18},"end":{"line":55,"column":68}},"28":{"start":{"line":55,"column":44},"end":{"line":55,"column":67}},"29":{"start":{"line":56,"column":6},"end":{"line":56,"column":107}},"30":{"start":{"line":56,"column":36},"end":{"line":56,"column":71}},"31":{"start":{"line":56,"column":73},"end":{"line":56,"column":94}},"32":{"start":{"line":56,"column":95},"end":{"line":56,"column":105}},"33":{"start":{"line":57,"column":6},"end":{"line":57,"column":56}},"34":{"start":{"line":58,"column":6},"end":{"line":58,"column":29}},"35":{"start":{"line":61,"column":18},"end":{"line":61,"column":68}},"36":{"start":{"line":61,"column":44},"end":{"line":61,"column":67}},"37":{"start":{"line":62,"column":6},"end":{"line":62,"column":35}},"38":{"start":{"line":62,"column":22},"end":{"line":62,"column":35}},"39":{"start":{"line":63,"column":6},"end":{"line":63,"column":32}},"40":{"start":{"line":64,"column":6},"end":{"line":64,"column":18}},"41":{"start":{"line":69,"column":4},"end":{"line":69,"column":68}},"42":{"start":{"line":69,"column":35},"end":{"line":69,"column":68}},"43":{"start":{"line":70,"column":4},"end":{"line":73,"column":5}},"44":{"start":{"line":71,"column":6},"end":{"line":71,"column":95}},"45":{"start":{"line":71,"column":38},"end":{"line":71,"column":95}},"46":{"start":{"line":72,"column":6},"end":{"line":72,"column":39}},"47":{"start":{"line":74,"column":4},"end":{"line":74,"column":36}},"48":{"start":{"line":76,"column":2},"end":{"line":76,"column":44}},"49":{"start":{"line":77,"column":2},"end":{"line":77,"column":13}},"50":{"start":{"line":84,"column":2},"end":{"line":87,"column":22}},"51":{"start":{"line":85,"column":4},"end":{"line":85,"column":46}},"52":{"start":{"line":86,"column":4},"end":{"line":86,"column":11}},"53":{"start":{"line":115,"column":2},"end":{"line":158,"column":22}},"54":{"start":{"line":116,"column":4},"end":{"line":116,"column":69}},"55":{"start":{"line":119,"column":4},"end":{"line":140,"column":5}},"56":{"start":{"line":120,"column":6},"end":{"line":139,"column":7}},"57":{"start":{"line":121,"column":21},"end":{"line":121,"column":65}},"58":{"start":{"line":122,"column":30},"end":{"line":122,"column":49}},"59":{"start":{"line":123,"column":8},"end":{"line":123,"column":90}},"60":{"start":{"line":124,"column":8},"end":{"line":129,"column":9}},"61":{"start":{"line":125,"column":10},"end":{"line":125,"column":120}},"62":{"start":{"line":126,"column":10},"end":{"line":126,"column":52}},"63":{"start":{"line":127,"column":10},"end":{"line":127,"column":125}},"64":{"start":{"line":128,"column":10},"end":{"line":128,"column":49}},"65":{"start":{"line":131,"column":8},"end":{"line":131,"column":98}},"66":{"start":{"line":133,"column":8},"end":{"line":138,"column":9}},"67":{"start":{"line":134,"column":10},"end":{"line":134,"column":110}},"68":{"start":{"line":135,"column":10},"end":{"line":135,"column":52}},"69":{"start":{"line":136,"column":10},"end":{"line":136,"column":136}},"70":{"start":{"line":137,"column":10},"end":{"line":137,"column":49}},"71":{"start":{"line":142,"column":4},"end":{"line":145,"column":5}},"72":{"start":{"line":143,"column":6},"end":{"line":143,"column":113}},"73":{"start":{"line":144,"column":6},"end":{"line":144,"column":102}},"74":{"start":{"line":146,"column":4},"end":{"line":157,"column":5}},"75":{"start":{"line":147,"column":27},"end":{"line":147,"column":111}},"76":{"start":{"line":148,"column":6},"end":{"line":151,"column":7}},"77":{"start":{"line":149,"column":8},"end":{"line":149,"column":75}},"78":{"start":{"line":150,"column":8},"end":{"line":150,"column":85}},"79":{"start":{"line":152,"column":6},"end":{"line":152,"column":91}},"80":{"start":{"line":153,"column":6},"end":{"line":153,"column":13}},"81":{"start":{"line":155,"column":6},"end":{"line":155,"column":68}},"82":{"start":{"line":156,"column":6},"end":{"line":156,"column":78}},"83":{"start":{"line":161,"column":2},"end":{"line":161,"column":34}},"84":{"start":{"line":164,"column":2},"end":{"line":189,"column":5}},"85":{"start":{"line":165,"column":4},"end":{"line":173,"column":5}},"86":{"start":{"line":166,"column":26},"end":{"line":166,"column":43}},"87":{"start":{"line":167,"column":27},"end":{"line":167,"column":111}},"88":{"start":{"line":168,"column":6},"end":{"line":170,"column":7}},"89":{"start":{"line":169,"column":8},"end":{"line":169,"column":103}},"90":{"start":{"line":172,"column":6},"end":{"line":172,"column":61}},"91":{"start":{"line":174,"column":4},"end":{"line":188,"column":5}},"92":{"start":{"line":175,"column":19},"end":{"line":175,"column":40}},"93":{"start":{"line":176,"column":23},"end":{"line":176,"column":42}},"94":{"start":{"line":177,"column":20},"end":{"line":184,"column":8}},"95":{"start":{"line":178,"column":8},"end":{"line":181,"column":9}},"96":{"start":{"line":179,"column":57},"end":{"line":179,"column":61}},"97":{"start":{"line":180,"column":10},"end":{"line":180,"column":29}},"98":{"start":{"line":182,"column":45},"end":{"line":182,"column":55}},"99":{"start":{"line":183,"column":8},"end":{"line":183,"column":27}},"100":{"start":{"line":185,"column":6},"end":{"line":185,"column":22}},"101":{"start":{"line":187,"column":6},"end":{"line":187,"column":65}},"102":{"start":{"line":192,"column":2},"end":{"line":203,"column":17}},"103":{"start":{"line":193,"column":4},"end":{"line":202,"column":5}},"104":{"start":{"line":194,"column":27},"end":{"line":194,"column":95}},"105":{"start":{"line":195,"column":6},"end":{"line":197,"column":7}},"106":{"start":{"line":196,"column":8},"end":{"line":196,"column":85}},"107":{"start":{"line":198,"column":6},"end":{"line":198,"column":13}},"108":{"start":{"line":200,"column":6},"end":{"line":200,"column":68}},"109":{"start":{"line":201,"column":6},"end":{"line":201,"column":78}},"110":{"start":{"line":206,"column":2},"end":{"line":219,"column":5}},"111":{"start":{"line":207,"column":4},"end":{"line":216,"column":5}},"112":{"start":{"line":208,"column":27},"end":{"line":208,"column":102}},"113":{"start":{"line":209,"column":6},"end":{"line":211,"column":7}},"114":{"start":{"line":210,"column":8},"end":{"line":210,"column":85}},"115":{"start":{"line":212,"column":6},"end":{"line":212,"column":13}},"116":{"start":{"line":214,"column":6},"end":{"line":214,"column":68}},"117":{"start":{"line":215,"column":6},"end":{"line":215,"column":78}},"118":{"start":{"line":218,"column":4},"end":{"line":218,"column":74}},"119":{"start":{"line":222,"column":2},"end":{"line":235,"column":5}},"120":{"start":{"line":223,"column":4},"end":{"line":232,"column":5}},"121":{"start":{"line":224,"column":27},"end":{"line":224,"column":111}},"122":{"start":{"line":225,"column":6},"end":{"line":227,"column":7}},"123":{"start":{"line":226,"column":8},"end":{"line":226,"column":85}},"124":{"start":{"line":228,"column":6},"end":{"line":228,"column":13}},"125":{"start":{"line":230,"column":6},"end":{"line":230,"column":68}},"126":{"start":{"line":231,"column":6},"end":{"line":231,"column":78}},"127":{"start":{"line":234,"column":4},"end":{"line":234,"column":73}},"128":{"start":{"line":238,"column":2},"end":{"line":251,"column":5}},"129":{"start":{"line":239,"column":4},"end":{"line":248,"column":5}},"130":{"start":{"line":240,"column":27},"end":{"line":240,"column":111}},"131":{"start":{"line":241,"column":6},"end":{"line":243,"column":7}},"132":{"start":{"line":242,"column":8},"end":{"line":242,"column":85}},"133":{"start":{"line":244,"column":6},"end":{"line":244,"column":13}},"134":{"start":{"line":246,"column":6},"end":{"line":246,"column":68}},"135":{"start":{"line":247,"column":6},"end":{"line":247,"column":78}},"136":{"start":{"line":250,"column":4},"end":{"line":250,"column":76}}},"fnMap":{"0":{"name":"createApp","decl":{"start":{"line":26,"column":16},"end":{"line":26,"column":25}},"loc":{"start":{"line":26,"column":28},"end":{"line":78,"column":1}},"line":26},"1":{"name":"(anonymous_1)","decl":{"start":{"line":44,"column":4},"end":{"line":44,"column":5}},"loc":{"start":{"line":44,"column":18},"end":{"line":44,"column":38}},"line":44},"2":{"name":"(anonymous_2)","decl":{"start":{"line":45,"column":4},"end":{"line":45,"column":5}},"loc":{"start":{"line":45,"column":21},"end":{"line":51,"column":5}},"line":45},"3":{"name":"(anonymous_3)","decl":{"start":{"line":46,"column":37},"end":{"line":46,"column":38}},"loc":{"start":{"line":46,"column":42},"end":{"line":46,"column":112}},"line":46},"4":{"name":"(anonymous_4)","decl":{"start":{"line":52,"column":4},"end":{"line":52,"column":5}},"loc":{"start":{"line":52,"column":35},"end":{"line":52,"column":100}},"line":52},"5":{"name":"(anonymous_5)","decl":{"start":{"line":52,"column":60},"end":{"line":52,"column":61}},"loc":{"start":{"line":52,"column":65},"end":{"line":52,"column":88}},"line":52},"6":{"name":"(anonymous_6)","decl":{"start":{"line":53,"column":4},"end":{"line":53,"column":5}},"loc":{"start":{"line":53,"column":19},"end":{"line":53,"column":83}},"line":53},"7":{"name":"(anonymous_7)","decl":{"start":{"line":53,"column":43},"end":{"line":53,"column":44}},"loc":{"start":{"line":53,"column":49},"end":{"line":53,"column":78}},"line":53},"8":{"name":"(anonymous_8)","decl":{"start":{"line":54,"column":4},"end":{"line":54,"column":5}},"loc":{"start":{"line":54,"column":43},"end":{"line":59,"column":5}},"line":54},"9":{"name":"(anonymous_9)","decl":{"start":{"line":55,"column":39},"end":{"line":55,"column":40}},"loc":{"start":{"line":55,"column":44},"end":{"line":55,"column":67}},"line":55},"10":{"name":"(anonymous_10)","decl":{"start":{"line":60,"column":4},"end":{"line":60,"column":5}},"loc":{"start":{"line":60,"column":37},"end":{"line":65,"column":5}},"line":60},"11":{"name":"(anonymous_11)","decl":{"start":{"line":61,"column":39},"end":{"line":61,"column":40}},"loc":{"start":{"line":61,"column":44},"end":{"line":61,"column":67}},"line":61},"12":{"name":"getUserRepoInstance","decl":{"start":{"line":68,"column":11},"end":{"line":68,"column":30}},"loc":{"start":{"line":68,"column":33},"end":{"line":75,"column":3}},"line":68},"13":{"name":"configureRoutes","decl":{"start":{"line":80,"column":16},"end":{"line":80,"column":31}},"loc":{"start":{"line":80,"column":58},"end":{"line":252,"column":1}},"line":80},"14":{"name":"(anonymous_14)","decl":{"start":{"line":84,"column":29},"end":{"line":84,"column":30}},"loc":{"start":{"line":84,"column":49},"end":{"line":87,"column":3}},"line":84},"15":{"name":"(anonymous_15)","decl":{"start":{"line":115,"column":24},"end":{"line":115,"column":25}},"loc":{"start":{"line":115,"column":50},"end":{"line":158,"column":3}},"line":115},"16":{"name":"(anonymous_16)","decl":{"start":{"line":164,"column":20},"end":{"line":164,"column":21}},"loc":{"start":{"line":164,"column":40},"end":{"line":189,"column":3}},"line":164},"17":{"name":"(anonymous_17)","decl":{"start":{"line":177,"column":41},"end":{"line":177,"column":42}},"loc":{"start":{"line":177,"column":49},"end":{"line":184,"column":7}},"line":177},"18":{"name":"(anonymous_18)","decl":{"start":{"line":192,"column":33},"end":{"line":192,"column":34}},"loc":{"start":{"line":192,"column":59},"end":{"line":203,"column":3}},"line":192},"19":{"name":"(anonymous_19)","decl":{"start":{"line":206,"column":34},"end":{"line":206,"column":35}},"loc":{"start":{"line":206,"column":60},"end":{"line":217,"column":3}},"line":206},"20":{"name":"(anonymous_20)","decl":{"start":{"line":217,"column":5},"end":{"line":217,"column":6}},"loc":{"start":{"line":217,"column":19},"end":{"line":219,"column":3}},"line":217},"21":{"name":"(anonymous_21)","decl":{"start":{"line":222,"column":27},"end":{"line":222,"column":28}},"loc":{"start":{"line":222,"column":53},"end":{"line":233,"column":3}},"line":222},"22":{"name":"(anonymous_22)","decl":{"start":{"line":233,"column":5},"end":{"line":233,"column":6}},"loc":{"start":{"line":233,"column":19},"end":{"line":235,"column":3}},"line":233},"23":{"name":"(anonymous_23)","decl":{"start":{"line":238,"column":22},"end":{"line":238,"column":23}},"loc":{"start":{"line":238,"column":48},"end":{"line":249,"column":3}},"line":238},"24":{"name":"(anonymous_24)","decl":{"start":{"line":249,"column":5},"end":{"line":249,"column":6}},"loc":{"start":{"line":249,"column":19},"end":{"line":251,"column":3}},"line":249}},"branchMap":{"0":{"loc":{"start":{"line":32,"column":6},"end":{"line":37,"column":7}},"type":"if","locations":[{"start":{"line":32,"column":6},"end":{"line":37,"column":7}},{"start":{"line":35,"column":13},"end":{"line":37,"column":7}}],"line":32},"1":{"loc":{"start":{"line":39,"column":63},"end":{"line":39,"column":82}},"type":"binary-expr","locations":[{"start":{"line":39,"column":63},"end":{"line":39,"column":75}},{"start":{"line":39,"column":79},"end":{"line":39,"column":82}}],"line":39},"2":{"loc":{"start":{"line":46,"column":42},"end":{"line":46,"column":112}},"type":"binary-expr","locations":[{"start":{"line":46,"column":42},"end":{"line":46,"column":70}},{"start":{"line":46,"column":75},"end":{"line":46,"column":85}},{"start":{"line":46,"column":89},"end":{"line":46,"column":111}}],"line":46},"3":{"loc":{"start":{"line":47,"column":6},"end":{"line":47,"column":104}},"type":"if","locations":[{"start":{"line":47,"column":6},"end":{"line":47,"column":104}},{"start":{},"end":{}}],"line":47},"4":{"loc":{"start":{"line":52,"column":44},"end":{"line":52,"column":97}},"type":"binary-expr","locations":[{"start":{"line":52,"column":44},"end":{"line":52,"column":89}},{"start":{"line":52,"column":93},"end":{"line":52,"column":97}}],"line":52},"5":{"loc":{"start":{"line":56,"column":6},"end":{"line":56,"column":107}},"type":"if","locations":[{"start":{"line":56,"column":6},"end":{"line":56,"column":107}},{"start":{},"end":{}}],"line":56},"6":{"loc":{"start":{"line":62,"column":6},"end":{"line":62,"column":35}},"type":"if","locations":[{"start":{"line":62,"column":6},"end":{"line":62,"column":35}},{"start":{},"end":{}}],"line":62},"7":{"loc":{"start":{"line":69,"column":4},"end":{"line":69,"column":68}},"type":"if","locations":[{"start":{"line":69,"column":4},"end":{"line":69,"column":68}},{"start":{},"end":{}}],"line":69},"8":{"loc":{"start":{"line":70,"column":4},"end":{"line":73,"column":5}},"type":"if","locations":[{"start":{"line":70,"column":4},"end":{"line":73,"column":5}},{"start":{},"end":{}}],"line":70},"9":{"loc":{"start":{"line":71,"column":6},"end":{"line":71,"column":95}},"type":"if","locations":[{"start":{"line":71,"column":6},"end":{"line":71,"column":95}},{"start":{},"end":{}}],"line":71},"10":{"loc":{"start":{"line":119,"column":4},"end":{"line":140,"column":5}},"type":"if","locations":[{"start":{"line":119,"column":4},"end":{"line":140,"column":5}},{"start":{},"end":{}}],"line":119},"11":{"loc":{"start":{"line":121,"column":21},"end":{"line":121,"column":65}},"type":"binary-expr","locations":[{"start":{"line":121,"column":21},"end":{"line":121,"column":40}},{"start":{"line":121,"column":44},"end":{"line":121,"column":65}}],"line":121},"12":{"loc":{"start":{"line":123,"column":62},"end":{"line":123,"column":88}},"type":"binary-expr","locations":[{"start":{"line":123,"column":62},"end":{"line":123,"column":83}},{"start":{"line":123,"column":87},"end":{"line":123,"column":88}}],"line":123},"13":{"loc":{"start":{"line":124,"column":8},"end":{"line":129,"column":9}},"type":"if","locations":[{"start":{"line":124,"column":8},"end":{"line":129,"column":9}},{"start":{},"end":{}}],"line":124},"14":{"loc":{"start":{"line":124,"column":12},"end":{"line":124,"column":56}},"type":"binary-expr","locations":[{"start":{"line":124,"column":12},"end":{"line":124,"column":26}},{"start":{"line":124,"column":30},"end":{"line":124,"column":56}}],"line":124},"15":{"loc":{"start":{"line":131,"column":77},"end":{"line":131,"column":96}},"type":"binary-expr","locations":[{"start":{"line":131,"column":77},"end":{"line":131,"column":89}},{"start":{"line":131,"column":93},"end":{"line":131,"column":96}}],"line":131},"16":{"loc":{"start":{"line":133,"column":8},"end":{"line":138,"column":9}},"type":"if","locations":[{"start":{"line":133,"column":8},"end":{"line":138,"column":9}},{"start":{},"end":{}}],"line":133},"17":{"loc":{"start":{"line":142,"column":4},"end":{"line":145,"column":5}},"type":"if","locations":[{"start":{"line":142,"column":4},"end":{"line":145,"column":5}},{"start":{},"end":{}}],"line":142},"18":{"loc":{"start":{"line":148,"column":6},"end":{"line":151,"column":7}},"type":"if","locations":[{"start":{"line":148,"column":6},"end":{"line":151,"column":7}},{"start":{},"end":{}}],"line":148},"19":{"loc":{"start":{"line":168,"column":6},"end":{"line":170,"column":7}},"type":"if","locations":[{"start":{"line":168,"column":6},"end":{"line":170,"column":7}},{"start":{},"end":{}}],"line":168},"20":{"loc":{"start":{"line":169,"column":61},"end":{"line":169,"column":99}},"type":"binary-expr","locations":[{"start":{"line":169,"column":61},"end":{"line":169,"column":81}},{"start":{"line":169,"column":85},"end":{"line":169,"column":99}}],"line":169},"21":{"loc":{"start":{"line":177,"column":21},"end":{"line":177,"column":35}},"type":"binary-expr","locations":[{"start":{"line":177,"column":21},"end":{"line":177,"column":29}},{"start":{"line":177,"column":33},"end":{"line":177,"column":35}}],"line":177},"22":{"loc":{"start":{"line":178,"column":8},"end":{"line":181,"column":9}},"type":"if","locations":[{"start":{"line":178,"column":8},"end":{"line":181,"column":9}},{"start":{},"end":{}}],"line":178},"23":{"loc":{"start":{"line":178,"column":12},"end":{"line":178,"column":29}},"type":"binary-expr","locations":[{"start":{"line":178,"column":12},"end":{"line":178,"column":16}},{"start":{"line":178,"column":20},"end":{"line":178,"column":29}}],"line":178},"24":{"loc":{"start":{"line":182,"column":45},"end":{"line":182,"column":55}},"type":"binary-expr","locations":[{"start":{"line":182,"column":45},"end":{"line":182,"column":49}},{"start":{"line":182,"column":53},"end":{"line":182,"column":55}}],"line":182},"25":{"loc":{"start":{"line":195,"column":6},"end":{"line":197,"column":7}},"type":"if","locations":[{"start":{"line":195,"column":6},"end":{"line":197,"column":7}},{"start":{},"end":{}}],"line":195},"26":{"loc":{"start":{"line":209,"column":6},"end":{"line":211,"column":7}},"type":"if","locations":[{"start":{"line":209,"column":6},"end":{"line":211,"column":7}},{"start":{},"end":{}}],"line":209},"27":{"loc":{"start":{"line":225,"column":6},"end":{"line":227,"column":7}},"type":"if","locations":[{"start":{"line":225,"column":6},"end":{"line":227,"column":7}},{"start":{},"end":{}}],"line":225},"28":{"loc":{"
[...]
0},"b":{"0":[0,1],"1":[0,0],"2":[0,0,0],"3":[0,0],"4":[0,0],"5":[0,0],"6":[0,0],"7":[0,0],"8":[0,0],"9":[0,0],"10":[0,0],"11":[0,0],"12":[0,0],"13":[0,0],"14":[0,0],"15":[0,0],"16":[0,0],"17":[0,0],"18":[0,0],"19":[0,0],"20":[0,0],"21":[0,0],"22":[0,0],"23":[0,0],"24":[0,0],"25":[0,0],"26":[0,0],"27":[0,0],"28":[0,0]},"inputSourceMap":null,"_coverageSchema":"1a1c01bbd47fc00a2c39e90264f33305004495a9","hash":"40911269d7c110eb3073b083af0f66c1176b69bb"},"C:\\Users\\natha\\Desktop\\hotel-management-system\\services\\user\\src\\monitoring\\metrics.js":{"path":"C:\\Users\\natha\\Desktop\\hotel-management-system\\services\\user\\src\\monitoring\\metrics.js","statementMap":{"0":{"start":{"line":3,"column":26},"end":{"line":7,"column":2}},"1":{"start":{"line":9,"column":28},"end":{"line":14,"column":2}},"2":{"start":{"line":16,"column":19},"end":{"line":20,"column":2}},"3":{"start":{"line":23,"column":2},"end":{"line":32,"column":5}},"4":{"start":{"line":24,"column":16},"end":{"line":24,"column":48}},"5":{"start":{"line":25,"column":4},"end":{"line":30,"column":7}},"6":{"start":{"line":26,"column":20},"end":{"line":26,"column":79}},"7":{"start":{"line":27,"column":6},"end":{"line":27,"column":83}},"8":{"start":{"line":28,"column":6},"end":{"line":28,"column":65}},"9":{"start":{"line":29,"column":6},"end":{"line":29,"column":59}},"10":{"start":{"line":29,"column":33},"end":{"line":29,"column":59}},"11":{"start":{"line":31,"column":4},"end":{"line":31,"column":11}},"12":{"start":{"line":34,"column":2},"end":{"line":41,"column":5}},"13":{"start":{"line":35,"column":4},"end":{"line":40,"column":5}},"14":{"start":{"line":36,"column":6},"end":{"line":36,"column":52}},"15":{"start":{"line":37,"column":6},"end":{"line":37,"column":40}},"16":{"start":{"line":39,"column":6},"end":{"line":39,"column":39}}},"fnMap":{"0":{"name":"attachMetrics","decl":{"start":{"line":22,"column":16},"end":{"line":22,"column":29}},"loc":{"start":{"line":22,"column":35},"end":{"line":42,"column":1}},"line":22},"1":{"name":"(anonymous_1)","decl":{"start":{"line":23,"column":10},"end":{"line":23,"column":11}},"loc":{"start":{"line":23,"column":30},"end":{"line":32,"column":3}},"line":23},"2":{"name":"(anonymous_2)","decl":{"start":{"line":25,"column":21},"end":{"line":25,"column":22}},"loc":{"start":{"line":25,"column":27},"end":{"line":30,"column":5}},"line":25},"3":{"name":"(anonymous_3)","decl":{"start":{"line":34,"column":22},"end":{"line":34,"column":23}},"loc":{"start":{"line":34,"column":42},"end":{"line":41,"column":3}},"line":34}},"branchMap":{"0":{"loc":{"start":{"line":26,"column":20},"end":{"line":26,"column":79}},"type":"binary-expr","locations":[{"start":{"line":26,"column":20},"end":{"line":26,"column":35}},{"start":{"line":26,"column":39},"end":{"line":26,"column":47}},{"start":{"line":26,"column":51},"end":{"line":26,"column":66}},{"start":{"line":26,"column":70},"end":{"line":26,"column":79}}],"line":26},"1":{"loc":{"start":{"line":29,"column":6},"end":{"line":29,"column":59}},"type":"if","locations":[{"start":{"line":29,"column":6},"end":{"line":29,"column":59}},{"start":{},"end":{}}],"line":29}},"s":{"0":0,"1":0,"2":0,"3":0,"4":0,"5":0,"6":0,"7":0,"8":0,"9":0,"10":0,"11":0,"12":0,"13":0,"14":0,"15":0,"16":0},"f":{"0":0,"1":0,"2":0,"3":0},"b":{"0":[0,0,0,0],"1":[0,0]},"inputSourceMap":null},"C:\\Users\\natha\\Desktop\\hotel-management-system\\services\\user\\src\\infrastructure\\rabbitmq.js":{"path":"C:\\Users\\natha\\Desktop\\hotel-management-system\\services\\user\\src\\infrastructure\\rabbitmq.js","statementMap":{"0":{"start":{"line":3,"column":21},"end":{"line":3,"column":71}},"1":{"start":{"line":6,"column":2},"end":{"line":12,"column":3}},"2":{"start":{"line":8,"column":4},"end":{"line":10,"column":18}},"3":{"start":{"line":9,"column":6},"end":{"line":9,"column":72}},"4":{"start":{"line":11,"column":4},"end":{"line":11,"column":11}},"5":{"start":{"line":14,"column":2},"end":{"line":27,"column":3}},"6":{"start":{"line":14,"column":15},"end":{"line":14,"column":16}},"7":{"start":{"line":15,"column":4},"end":{"line":26,"column":5}},"8":{"start":{"line":16,"column":19},"end":{"line":16,"column":54}},"9":{"start":{"line":17,"column":22},"end":{"line":17,"column":48}},"10":{"start":{"line":18,"column":6},"end":{"line":18,"column":58}},"11":{"start":{"line":19,"column":6},"end":{"line":19,"column":71}},"12":{"start":{"line":20,"column":6},"end":{"line":20,"column":28}},"13":{"start":{"line":21,"column":6},"end":{"line":21,"column":25}},"14":{"start":{"line":22,"column":6},"end":{"line":22,"column":13}},"15":{"start":{"line":24,"column":6},"end":{"line":24,"column":20}},"16":{"start":{"line":25,"column":6},"end":{"line":25,"column":56}},"17":{"start":{"line":25,"column":31},"end":{"line":25,"column":54}},"18":{"start":{"line":28,"column":2},"end":{"line":28,"column":78}}},"fnMap":{"0":{"name":"publishEvent","decl":{"start":{"line":5,"column":22},"end":{"line":5,"column":34}},"loc":{"start":{"line":5,"column":51},"end":{"line":29,"column":1}},"line":5},"1":{"name":"(anonymous_1)","decl":{"start":{"line":25,"column":24},"end":{"line":25,"column":25}},"loc":{"start":{"line":25,"column":31},"end":{"line":25,"column":54}},"line":25}},"branchMap":{"0":{"loc":{"start":{"line":3,"column":21},"end":{"line":3,"column":71}},"type":"binary-expr","locations":[{"start":{"line":3,"column":21},"end":{"line":3,"column":45}},{"start":{"line":3,"column":49},"end":{"line":3,"column":71}}],"line":3},"1":{"loc":{"start":{"line":6,"column":2},"end":{"line":12,"column":3}},"type":"if","locations":[{"start":{"line":6,"column":2},"end":{"line":12,"column":3}},{"start":{},"end":{}}],"line":6}},"s":{"0":0,"1":0,"2":0,"3":0,"4":0,"5":0,"6":0,"7":0,"8":0,"9":0,"10":0,"11":0,"12":0,"13":0,"14":0,"15":0,"16":0,"17":0,"18":0},"f":{"0":0,"1":0},"b":{"0":[0,0],"1":[0,0]},"inputSourceMap":null},"C:\\Users\\natha\\Desktop\\hotel-management-system\\services\\user\\src\\interfaces\\database.js":{"path":"C:\\Users\\natha\\Desktop\\hotel-management-system\\services\\user\\src\\interfaces\\database.js","statementMap":{"0":{"start":{"line":11,"column":0},"end":{"line":11,"column":34}},"1":{"start":{"line":13,"column":12},"end":{"line":13,"column":41}},"2":{"start":{"line":14,"column":17},"end":{"line":19,"column":1}},"3":{"start":{"line":21,"column":24},"end":{"line":21,"column":28}},"4":{"start":{"line":24,"column":15},"end":{"line":24,"column":30}},"5":{"start":{"line":25,"column":2},"end":{"line":25,"column":60}},"6":{"start":{"line":25,"column":44},"end":{"line":25,"column":60}},"7":{"start":{"line":26,"column":2},"end":{"line":26,"column":36}},"8":{"start":{"line":31,"column":2},"end":{"line":45,"column":3}},"9":{"start":{"line":31,"column":15},"end":{"line":31,"column":16}},"10":{"start":{"line":32,"column":4},"end":{"line":44,"column":5}},"11":{"start":{"line":33,"column":6},"end":{"line":33,"column":29}},"12":{"start":{"line":34,"column":6},"end":{"line":34,"column":49}},"13":{"start":{"line":35,"column":6},"end":{"line":35,"column":18}},"14":{"start":{"line":37,"column":6},"end":{"line":37,"column":18}},"15":{"start":{"line":38,"column":6},"end":{"line":38,"column":50}},"16":{"start":{"line":39,"column":6},"end":{"line":39,"column":105}},"17":{"start":{"line":40,"column":19},"end":{"line":40,"column":45}},"18":{"start":{"line":41,"column":21},"end":{"line":41,"column":34}},"19":{"start":{"line":42,"column":23},"end":{"line":42,"column":36}},"20":{"start":{"line":43,"column":6},"end":{"line":43,"column":61}},"21":{"start":{"line":43,"column":29},"end":{"line":43,"column":59}},"22":{"start":{"line":46,"column":2},"end":{"line":46,"column":15}},"23":{"start":{"line":50,"column":2},"end":{"line":50,"column":46}},"24":{"start":{"line":50,"column":39},"end":{"line":50,"column":46}},"25":{"start":{"line":51,"column":2},"end":{"line":59,"column":3}},"26":{"start":{"line":52,"column":4},"end":{"line":58,"column":5}},"27":{"start":{"line":53,"column":6},"end":{"line":53,"column":87}},"28":{"start":{"line":54,"column":6},"end":{"line":54,"column":22}},"29":{"start":{"line":56,"column":6},"end":{"line":56,"column":100}},"30":{"start":{"line":57,"column":6},"end":{"line":57,"column":18}},"31":{"start":{"line":60,"column":13},"end":{"line":60,"column":41}},"32":{"start":{"line":61,"column":2},"end":{"line":77,"column":3}},"33":{"start":{"line":62,"column":4},"end":{"line":62,"column":112}},"34":{"start":{"line":64,"column":4},"end":{"line":76,"column":9}},"35":{"start":{"line":65,"column":6},"end":{"line":75,"column":7}},"36":{"start":{"line":66,"column":8},"end":{"line":74,"column":9}},"37":{"start":{"line":67,"column":10},"end":{"line":67,"column":33}},"38":{"start":{"line":68,"column":10},"end":{"line":68,"column":66}},"39":{"start":{"line":69,"column":10},"end":{"line":69,"column":16}},"40":{"start":{"line":71,"column":10},"end":{"line":71,"column":54}},"41":{"start":{"line":72,"column":10},"end":{"line":72,"column":78}},"42":{"start":{"line":73,"column":10},"end":{"line":73,"column":55}},"43":{"start":{"line":73,"column":33},"end":{"line":73,"column":53}},"44":{"start":{"line":78,"column":2},"end":{"line":78,"column":29}},"45":{"start":{"line":82,"column":2},"end":{"line":82,"column":47}},"46":{"start":{"line":86,"column":2},"end":{"line":86,"column":27}}},"fnMap":{"0":{"name":"tryConnectOnce","decl":{"start":{"line":23,"column":15},"end":{"line":23,"column":29}},"loc":{"start":{"line":23,"column":32},"end":{"line":27,"column":1}},"line":23},"1":{"name":"connectWithBackoff","decl":{"start":{"line":29,"column":15},"end":{"line":29,"column":33}},"loc":{"start":{"line":29,"column":49},"end":{"line":47,"column":1}},"line":29},"2":{"name":"(anonymous_2)","decl":{"start":{"line":43,"column":24},"end":{"line":43,"column":25}},"loc":{"start":{"line":43,"column":29},"end":{"line":43,"column":59}},"line":43},"3":{"name":"connectToDatabase","decl":{"start":{"line":49,"column":22},"end":{"line":49,"column":39}},"loc":{"start":{"line":49,"column":42},"end":{"line":79,"column":1}},"line":49},"4":{"name":"loop","decl":{"start":{"line":64,"column":20},"end":{"line":64,"column":24}},"loc":{"start":{"line":64,"column":27},"end":{"line":76,"column":5}},"line":64},"5":{"name":"(anonymous_5)","decl":{"start":{"line":73,"column":28},"end":{"line":73,"column":29}},"loc":{"start":{"line":73,"column":33},"end":{"line":73,"column":53}},"line":73},"6":{"name":"mongoReady","decl":{"start":{"line":81,"column":16},"end":{"line":81,"column":26}},"loc":{"start":{"line":81,"column":29},"end":{"line":83,"column":1}},"line":81},"7":{"name":"getLastMongoError","decl":{"start":{"line":85,"column":16},"end":{"line":85,"column":33}},"loc":{"start":{"line":85,"column":36},"end":{"line":87,"column":1}},"line":85}},"branchMap":{"0":{"loc":{"start":{"line":13,"column":12},"end":{"line":13,"column":41}},"type":"binary-expr","locations":[{"start":{"line":13,"column":12},"end":{"line":13,"column":35}},{"start":{"line":13,"column":39},"end":{"line":13,"column":41}}],"line":13},"1":{"loc":{"start":{"line":25,"column":2},"end":{"line":25,"column":60}},"type":"if","locations":[{"start":{"line":25,"column":2},"end":{"line":25,"column":60}},{"start":{},"end":{}}],"line":25},"2":{"loc":{"start":{"line":29,"column":34},"end":{"line":29,"column":47}},"type":"default-arg","locations":[{"start":{"line":29,"column":45},"end":{"line":29,"column":47}}],"line":29},"3":{"loc":{"start":{"line":38,"column":26},"end":{"line":38,"column":49}},"type":"binary-expr","locations":[{"start":{"line":38,"column":26},"end":{"line":38,"column":36}},{"start":{"line":38,"column":40},"end":{"line":38,"column":49}}],"line":38},"4":{"loc":{"start":{"line":50,"column":2},"end":{"line":50,"column":46}},"type":"if","locations":[{"start":{"line":50,"column":2},"end":{"line":50,"column":46}},{"start":{},"end":{}}],"line":50},"5":{"loc":{"start":{"line":51,"column":2},"end":{"line":59,"column":3}},"type":"if","locations":[{"start":{"line":51,"column":2},"end":{"line":59,"column":3}},{"start":{},"end":{}}],"line":51},"6":{"loc":{"start":{"line":52,"column":4},"end":{"line":58,"column":5}},"type":"if","locations":[{"start":{"line":52,"column":4},"end":{"line":58,"column":5}},{"start":{"line":55,"column":11},"end":{"line":58,"column":5}}],"line":52},"7":{"loc":{"start":{"line":61,"column":2},"end":{"line":77,"column":3}},"type":"if","locations":[{"start":{"line":61,"column":2},"end":{"line":77,"column":3}},{"start":{},"end":{}}],"line":61},"8":{"loc":{"start":{"line":71,"column":30},"end":{"line":71,"column":53}},"type":"binary-expr","locations":[{"start":{"line":71,"column":30},"end":{"line":71,"column":40}},{"start":{"line":71,"column":44},"end":{"line":71,"column":53}}],"line":71}},"s":{"0":0,"1":0,"2":0,"3":0,"4":0,"5":0,"6":0,"7":0,"8":0,"9":0,"10":0,"11":0,"12":0,"13":0,"14":0,"15":0,"16":0,"17":0,"18":0,"19":0,"20":0,"21":0,"22":0,"23":0,"24":0,"25":0,"26":0,"27":0,"28":0,"29":0,"30":0,"31":0,"32":0,"33":0,"34":0,"35":0,"36":0,"37":0,"38":0,"39":0,"40":0,"41":0,"42":0,"43":0,"44":0,"45":0,"46":0},"f":{"0":0,"1":0,"2":0,"3":0,"4":0,"5":0,"6":0,"7":0},"b":{"0":[0,0],"1":[0,0],"2":[0],"3":[0,0],"4":[0,0],"5":[0,0],"6":[0,0],"7":[0,0],"8":[0,0]},"inputSourceMap":null},"C:\\Users\\natha\\Desktop\\hotel-management-system\\services\\user\\src\\interfaces\\server.js":{"path":"C:\\Users\\natha\\Desktop\\hotel-management-system\\services\\user\\src\\interfaces\\server.js","statementMap":{"0":{"start":{"line":2,"column":0},"end":{"line":2,"column":16}},"1":{"start":{"line":18,"column":19},"end":{"line":18,"column":49}},"2":{"start":{"line":19,"column":18},"end":{"line":19,"column":42}},"3":{"start":{"line":22,"column":14},"end":{"line":22,"column":23}},"4":{"start":{"line":23,"column":2},"end":{"line":27,"column":3}},"5":{"start":{"line":24,"column":4},"end":{"line":24,"column":23}},"6":{"start":{"line":26,"column":4},"end":{"line":26,"column":65}},"7":{"start":{"line":29,"column":2},"end":{"line":44,"column":5}},"8":{"start":{"line":30,"column":4},"end":{"line":42,"column":5}},"9":{"start":{"line":31,"column":6},"end":{"line":37,"column":8}},"10":{"start":{"line":38,"column":6},"end":{"line":38,"column":80}},"11":{"start":{"line":38,"column":30},"end":{"line":38,"column":78}},"12":{"start":{"line":39,"column":6},"end":{"line":39,"column":71}},"13":{"start":{"line":39,"column":28},"end":{"line":39,"column":69}},"14":{"start":{"line":41,"column":6},"end":{"line":41,"column":76}},"15":{"start":{"line":43,"column":4},"end":{"line":43,"column":11}},"16":{"start":{"line":46,"column":2},"end":{"line":46,"column":26}},"17":{"start":{"line":48,"column":2},"end":{"line":48,"column":23}},"18":{"start":{"line":50,"column":2},"end":{"line":55,"column":3}},"19":{"start":{"line":51,"column":28},"end":{"line":51,"column":78}},"20":{"start":{"line":52,"column":4},"end":{"line":52,"column":72}},"21":{"start":{"line":54,"column":4},"end":{"line":54,"column":67}},"22":{"start":{"line":57,"column":2},"end":{"line":74,"column":5}},"23":{"start":{"line":58,"column":18},"end":{"line":58,"column":30}},"24":{"start":{"line":59,"column":17},"end":{"line":65,"column":5}},"25":{"start":{"line":66,"column":4},"end":{"line":72,"column":5}},"26":{"start":{"line":67,"column":6},"end":{"line":70,"column":8}},"27":{"start":{"line":71,"column":6},"end":{"line":71,"column":57}},"28":{"start":{"line":71,"column":18},"end":{"line":71,"column":57}},"29":{"start":{"line":73,"column":4},"end":{"line":73,"column":45}},"30":{"start":{"line":76,"column":2},"end":{"line":76,"column":13}},"31":{"start":{"line":79,"column":0},"end":{"line":86,"column":1}},"32":{"start":{"line":80,"column":2},"end":{"line":80,"column":22}},"33":{"start":{"line":81,"column":14},"end":{"line":81,"column":25}},"34":{"start":{"line":82,"column":15},"end":{"line":82,"column":39}},"35":{"start":{"line":83,"column":2},"end":{"line":85,"column":5}},"36":{"start":{"line":84,"column":4},"end":{"line":84,"column":58}}},"fnMap":{"0":{"name":"createApp","decl":{"start":{"line":21,"column":16},"end":{"line":21,"column":25}},"loc":{"start":{"line":21,"column":28},"end":{"line":77,"column":1}},"line":21},"1":{"name":"(anonymous_1)","decl":{"start":{"line":29,"column":10},"end":{"line":29,"column":11}},"loc":{"start":{"line":29,"column":30},"end":{"line":44,"column":3}},"line":29},"2":{"name":"(anonymous_2)","decl":{"start":{"line":38,"column":24},"end":{"line":38,"column":25}},"loc":{"start":{"line":38,"column":30},"end":{"line":38,"column":78}},"line":38},"3":{"name":"(anonymous_3)","decl":{"start":{"line":39,"column":22},"end":{"line":39,"column":23}},"loc":{"start":{"line":39,"column":28},"end":{"line":39,"column":69}},"line":39},"4":{"name":"(anonymous_4)","decl":{"start":{"line":57,"column":21},"end":{"line":57,"column":22}},"loc":{"start":{"line":57,"column":35},"end":{"line":74,"column":3}},"line":57},"5":{"name":"(anonymous_5)","decl":{"start":{"line":83,"column":30},"end":{"line":83,"column":31}},"loc":{"start":{"line":83,"column":36},"end":{"line":85,"column":3}},"line":83}},"branchMap":{"0":{"loc":{"start":{"line":26,"column":49},"end":{"line":26,"column":63}},"type":"binary-expr","locations":[{"start":{"line":26,"column":49},"end":{"line":26,"column":50}},{"start":{"line":26,"column":54},"end":{"line":26,"column":63}}],"line":26},"1":{"loc":{"start":{"line":41,"column":56},"end":{"line":41,"column":74}},"type":"binary-expr","locations":[{"start":{"line":41,"column":56},"end":{"line":41,"column":59}},{"start":{"line":41,"column":63},"end":{"line":41,"column":74}}],"line":41},"2":{"loc":{"start":{"line":54,"column":51},"end":{"line":54,"column":65}},"type":"binary-expr","locations":[{"start":{"line":54,"column":51},"end":{"line":54,"column":52}},{"start":{"line":54,"column":56},"end":{"line":54,"column":65}}],"line":54},"3":{"loc":{"start":{"line":60,"column":14},"end":{"line":60,"column":40}},"type":"cond-expr","locations":[{"start":{"line":60,"column":22},"end":{"line":60,"column":26}},{"start":{"line":60,"column":29},"end":{"line":60,"column":40}}],"line":60},"4":{"loc":{"start":{"line":66,"column":4},"end":{"line":72,"column":5}},"type":"if","locations":[{"start":{"line":66,"column":4},"end":{"line":72,"column":5}},{"start":{},"end":{}}],"line":66},"5":{"loc":{"start":{"line":68,"column":15},"end":{"line":68,"column":55}},"type":"binary-expr","locations":[{"start":{"line":68,"column":15},"end":{"line":68,"column":45}},{"start":{"line":68,"column":49},"end":{"line":68,"column":55}}],"line":68},"6":{"loc":{"start":{"line":69,"column":13},"end":{"line":69,"column":71}},"type":"binary-expr","locations":[{"start":{"line":69,"column":13},"end":{"line":69,"column":61}},{"start":{"line":69,"column":65},"end":{"line":69,"column":71}}],"line":69},"7":{"loc":{"start":{"line":71,"column":6},"end":{"line":71,"column":57}},"type":"if","locations":[{"start":{"line":71,"column":6},"end":{"line":71,"column":57}},{"start":{},"end":{}}],"line":71},"8":{"loc":{"start":{"line":73,"column":15},"end":{"line":73,"column":32}},"type":"cond-expr","locations":[{"start":{"line":73,"column":23},"end":{"line":73,"column":26}},{"start":{"line":73,"column":29},"end":{"line":73,"column":32}}],"line":73},"9":{"loc":{"start":{"line":79,"column":0},"end":{"line":86,"column":1}},"type":"if","locations":[{"start":{"line":79,"column":0},"end":{"line":86,"column":1}},{"start":{},"end":{}}],"line":79},"10":{"loc":{"start":{"line":82,"column":15},"end":{"line":82,"column":39}},"type":"binary-expr","locations":[{"start":{"line":82,"column":15},"end":{"line":82,"column":31}},{"start":{"line":82,"column":35},"end":{"line":82,"column":39}}],"line":82}},"s":{"0":0,"1":0,"2":0,"3":0,"4":0,"5":0,"6":0,"7":0,"8":0,"9":0,"10":0,"11":0,"12":0,"13":0,"14":0,"15":0,"16":0,"17":0,"18":0,"19":0,"20":0,"21":0,"22":0,"23":0,"24":0,"25":0,"26":0,"27":0,"28":0,"29":0,"30":0,"31":0,"32":0,"33":0,"34":0,"35":0,"36":0},"f":{"0":0,"1":0,"2":0,"3":0,"4":0,"5":0},"b":{"0":[0,0],"1":[0,0],"2":[0,0],"3":[0,0],"4":[0,0],"5":[0,0],"6":[0,0],"7":[0,0],"8":[0,0],"9":[0,0],"10":[0,0]},"inputSourceMap":null}}}
