{"C:\\Users\\natha\\Desktop\\ese-t1\\services\\user\\src\\application\\UserService.js": {"path":"C:\\Users\\natha\\Desktop\\ese-t1\\services\\user\\src\\application\\UserService.js","statementMap":{"0":{"start":{"line":4,"column":4},"end":{"line":4,"column":41}},"1":{"start":{"line":5,"column":4},"end":{"line":5,"column":41}},"2":{"start":{"line":9,"column":17},"end":{"line":9,"column":67}},"3":{"start":{"line":10,"column":4},"end":{"line":12,"column":5}},"4":{"start":{"line":11,"column":6},"end":{"line":11,"column":59}},"5":{"start":{"line":13,"column":4},"end":{"line":13,"column":28}},"6":{"start":{"line":17,"column":4},"end":{"line":17,"column":70}},"7":{"start":{"line":18,"column":4},"end":{"line":21,"column":5}},"8":{"start":{"line":19,"column":6},"end":{"line":19,"column":72}},"9":{"start":{"line":20,"column":6},"end":{"line":20,"column":43}},"10":{"start":{"line":23,"column":25},"end":{"line":23,"column":80}},"11":{"start":{"line":24,"column":4},"end":{"line":27,"column":5}},"12":{"start":{"line":25,"column":6},"end":{"line":25,"column":72}},"13":{"start":{"line":26,"column":6},"end":{"line":26,"column":43}},"14":{"start":{"line":29,"column":4},"end":{"line":32,"column":5}},"15":{"start":{"line":30,"column":6},"end":{"line":30,"column":66}},"16":{"start":{"line":31,"column":6},"end":{"line":31,"column":37}},"17":{"start":{"line":34,"column":20},"end":{"line":34,"column":43}},"18":{"start":{"line":35,"column":4},"end":{"line":38,"column":5}},"19":{"start":{"line":36,"column":6},"end":{"line":36,"column":82}},"20":{"start":{"line":37,"column":6},"end":{"line":37,"column":43}},"21":{"start":{"line":39,"column":4},"end":{"line":39,"column":27}},"22":{"start":{"line":41,"column":4},"end":{"line":57,"column":5}},"23":{"start":{"line":42,"column":6},"end":{"line":42,"column":75}},"24":{"start":{"line":43,"column":24},"end":{"line":43,"column":60}},"25":{"start":{"line":44,"column":6},"end":{"line":44,"column":74}},"26":{"start":{"line":46,"column":6},"end":{"line":51,"column":7}},"27":{"start":{"line":47,"column":8},"end":{"line":47,"column":86}},"28":{"start":{"line":48,"column":8},"end":{"line":48,"column":124}},"29":{"start":{"line":50,"column":8},"end":{"line":50,"column":83}},"30":{"start":{"line":53,"column":6},"end":{"line":53,"column":23}},"31":{"start":{"line":55,"column":6},"end":{"line":55,"column":80}},"32":{"start":{"line":56,"column":6},"end":{"line":56,"column":29}},"33":{"start":{"line":61,"column":4},"end":{"line":61,"column":74}},"34":{"start":{"line":62,"column":4},"end":{"line":77,"column":5}},"35":{"start":{"line":63,"column":22},"end":{"line":63,"column":74}},"36":{"start":{"line":64,"column":6},"end":{"line":70,"column":7}},"37":{"start":{"line":65,"column":8},"end":{"line":65,"column":78}},"38":{"start":{"line":66,"column":8},"end":{"line":66,"column":20}},"39":{"start":{"line":68,"column":8},"end":{"line":68,"column":86}},"40":{"start":{"line":69,"column":8},"end":{"line":69,"column":21}},"41":{"start":{"line":72,"column":6},"end":{"line":75,"column":9}},"42":{"start":{"line":76,"column":6},"end":{"line":76,"column":16}},"43":{"start":{"line":81,"column":4},"end":{"line":81,"column":41}},"44":{"start":{"line":82,"column":4},"end":{"line":82,"column":76}},"45":{"start":{"line":82,"column":63},"end":{"line":82,"column":76}},"46":{"start":{"line":83,"column":14},"end":{"line":83,"column":15}},"47":{"start":{"line":85,"column":4},"end":{"line":86,"column":58}},"48":{"start":{"line":85,"column":17},"end":{"line":85,"column":18}},"49":{"start":{"line":86,"column":6},"end":{"line":86,"column":58}},"50":{"start":{"line":87,"column":4},"end":{"line":87,"column":27}},"51":{"start":{"line":88,"column":4},"end":{"line":88,"column":45}},"52":{"start":{"line":88,"column":36},"end":{"line":88,"column":45}},"53":{"start":{"line":89,"column":4},"end":{"line":89,"column":62}},"54":{"start":{"line":89,"column":49},"end":{"line":89,"column":62}},"55":{"start":{"line":90,"column":4},"end":{"line":90,"column":12}},"56":{"start":{"line":91,"column":4},"end":{"line":92,"column":58}},"57":{"start":{"line":91,"column":17},"end":{"line":91,"column":18}},"58":{"start":{"line":92,"column":6},"end":{"line":92,"column":58}},"59":{"start":{"line":93,"column":4},"end":{"line":93,"column":27}},"60":{"start":{"line":94,"column":4},"end":{"line":94,"column":45}},"61":{"start":{"line":94,"column":36},"end":{"line":94,"column":45}},"62":{"start":{"line":95,"column":4},"end":{"line":95,"column":63}},"63":{"start":{"line":95,"column":50},"end":{"line":95,"column":63}},"64":{"start":{"line":96,"column":4},"end":{"line":96,"column":16}}},"fnMap":{"0":{"name":"(anonymous_0)","decl":{"start":{"line":3,"column":2},"end":{"line":3,"column":3}},"loc":{"start":{"line":3,"column":46},"end":{"line":6,"column":3}},"line":3},"1":{"name":"(anonymous_1)","decl":{"start":{"line":8,"column":2},"end":{"line":8,"column":3}},"loc":{"start":{"line":8,"column":41},"end":{"line":14,"column":3}},"line":8},"2":{"name":"(anonymous_2)","decl":{"start":{"line":16,"column":2},"end":{"line":16,"column":3}},"loc":{"start":{"line":16,"column":25},"end":{"line":58,"column":3}},"line":16},"3":{"name":"(anonymous_3)","decl":{"start":{"line":60,"column":2},"end":{"line":60,"column":3}},"loc":{"start":{"line":60,"column":29},"end":{"line":78,"column":3}},"line":60},"4":{"name":"(anonymous_4)","decl":{"start":{"line":80,"column":2},"end":{"line":80,"column":3}},"loc":{"start":{"line":80,"column":25},"end":{"line":97,"column":3}},"line":80}},"branchMap":{"0":{"loc":{"start":{"line":10,"column":4},"end":{"line":12,"column":5}},"type":"if","locations":[{"start":{"line":10,"column":4},"end":{"line":12,"column":5}},{"start":{},"end":{}}],"line":10},"1":{"loc":{"start":{"line":10,"column":8},"end":{"line":10,"column":42}},"type":"binary-expr","locations":[{"start":{"line":10,"column":8},"end":{"line":10,"column":12}},{"start":{"line":10,"column":16},"end":{"line":10,"column":42}}],"line":10},"2":{"loc":{"start":{"line":18,"column":4},"end":{"line":21,"column":5}},"type":"if","locations":[{"start":{"line":18,"column":4},"end":{"line":21,"column":5}},{"start":{},"end":{}}],"line":18},"3":{"loc":{"start":{"line":18,"column":8},"end":{"line":18,"column":90}},"type":"binary-expr","locations":[{"start":{"line":18,"column":8},"end":{"line":18,"column":22}},{"start":{"line":18,"column":26},"end":{"line":18,"column":59}},{"start":{"line":18,"column":63},"end":{"line":18,"column":90}}],"line":18},"4":{"loc":{"start":{"line":24,"column":4},"end":{"line":27,"column":5}},"type":"if","locations":[{"start":{"line":24,"column":4},"end":{"line":27,"column":5}},{"start":{},"end":{}}],"line":24},"5":{"loc":{"start":{"line":29,"column":4},"end":{"line":32,"column":5}},"type":"if","locations":[{"start":{"line":29,"column":4},"end":{"line":32,"column":5}},{"start":{},"end":{}}],"line":29},"6":{"loc":{"start":{"line":29,"column":8},"end":{"line":29,"column":50}},"type":"binary-expr","locations":[{"start":{"line":29,"column":8},"end":{"line":29,"column":22}},{"start":{"line":29,"column":26},"end":{"line":29,"column":50}}],"line":29},"7":{"loc":{"start":{"line":35,"column":4},"end":{"line":38,"column":5}},"type":"if","locations":[{"start":{"line":35,"column":4},"end":{"line":38,"column":5}},{"start":{},"end":{}}],"line":35},"8":{"loc":{"start":{"line":64,"column":6},"end":{"line":70,"column":7}},"type":"if","locations":[{"start":{"line":64,"column":6},"end":{"line":70,"column":7}},{"start":{"line":67,"column":13},"end":{"line":70,"column":7}}],"line":64},"9":{"loc":{"start":{"line":81,"column":11},"end":{"line":81,"column":20}},"type":"binary-expr","locations":[{"start":{"line":81,"column":11},"end":{"line":81,"column":14}},{"start":{"line":81,"column":18},"end":{"line":81,"column":20}}],"line":81},"10":{"loc":{"start":{"line":82,"column":4},"end":{"line":82,"column":76}},"type":"if","locations":[{"start":{"line":82,"column":4},"end":{"line":82,"column":76}},{"start":{},"end":{}}],"line":82},"11":{"loc":{"start":{"line":82,"column":8},"end":{"line":82,"column":61}},"type":"binary-expr","locations":[{"start":{"line":82,"column":8},"end":{"line":82,"column":12}},{"start":{"line":82,"column":16},"end":{"line":82,"column":33}},{"start":{"line":82,"column":37},"end":{"line":82,"column":61}}],"line":82},"12":{"loc":{"start":{"line":88,"column":4},"end":{"line":88,"column":45}},"type":"if","locations":[{"start":{"line":88,"column":4},"end":{"line":88,"column":45}},{"start":{},"end":{}}],"line":88},"13":{"loc":{"start":{"line":88,"column":8},"end":{"line":88,"column":34}},"type":"binary-expr","locations":[{"start":{"line":88,"column":8},"end":{"line":88,"column":19}},{"start":{"line":88,"column":23},"end":{"line":88,"column":34}}],"line":88},"14":{"loc":{"start":{"line":89,"column":4},"end":{"line":89,"column":62}},"type":"if","locations":[{"start":{"line":89,"column":4},"end":{"line":89,"column":62}},{"start":{},"end":{}}],"line":89},"15":{"loc":{"start":{"line":94,"column":4},"end":{"line":94,"column":45}},"type":"if","locations":[{"start":{"line":94,"column":4},"end":{"line":94,"column":45}},{"start":{},"end":{}}],"line":94},"16":{"loc":{"start":{"line":94,"column":8},"end":{"line":94,"column":34}},"type":"binary-expr","locations":[{"start":{"line":94,"column":8},"end":{"line":94,"column":19}},{"start":{"line":94,"column":23},"end":{"line":94,"column":34}}],"line":94},"17":{"loc":{"start":{"line":95,"column":4},"end":{"line":95,"column":63}},"type":"if","locations":[{"start":{"line":95,"column":4},"end":{"line":95,"column":63}},{"start":{},"end":{}}],"line":95}},"s":{"0":17,"1":17,"2":3,"3":3,"4":1,"5":2,"6":15,"7":15,"8":2,"9":2,"10":13,"11":12,"12":1,"13":1,"14":11,"15":1,"16":1,"17":10,"18":10,"19":1,"20":1,"21":9,"22":9,"23":9,"24":9,"25":8,"26":8,"27":8,"28":8,"29":1,"30":8,"31":9,"32":9,"33":2,"34":2,"35":2,"36":2,"37":1,"38":1,"39":1,"40":1,"41":0,"42":0,"43":5,"44":5,"45":3,"46":2,"47":2,"48":2,"49":18,"50":2,"51":2,"52":1,"53":2,"54":0,"55":2,"56":2,"57":2,"58":20,"59":2,"60":2,"61":0,"62":2,"63":1,"64":1},"f":{"0":17,"1":3,"2":15,"3":2,"4":5},"b":{"0":[1,2],"1":[3,2],"2":[2,13],"3":[15,13,13],"4":[1,11],"5":[1,10],"6":[11,11],"7":[1,9],"8":[1,1],"9":[5,2],"10":[3,2],"11":[5,3,3],"12":[1,1],"13":[2,1],"14":[0,2],"15":[0,2],"16":[2,2],"17":[1,1]},"inputSourceMap":null,"_coverageSchema":"1a1c01bbd47fc00a2c39e90264f33305004495a9","hash":"fb301852fb10869c5829e26ccc14a35157c883dd"}
,"C:\\Users\\natha\\Desktop\\ese-t1\\services\\user\\src\\domain\\User.js": {"path":"C:\\Users\\natha\\Desktop\\ese-t1\\services\\user\\src\\domain\\User.js","statementMap":{"0":{"start":{"line":3,"column":4},"end":{"line":3,"column":17}},"1":{"start":{"line":4,"column":4},"end":{"line":4,"column":29}},"2":{"start":{"line":5,"column":4},"end":{"line":5,"column":29}},"3":{"start":{"line":6,"column":4},"end":{"line":6,"column":21}}},"fnMap":{"0":{"name":"(anonymous_0)","decl":{"start":{"line":2,"column":2},"end":{"line":2,"column":3}},"loc":{"start":{"line":2,"column":44},"end":{"line":7,"column":3}},"line":2}},"branchMap":{},"s":{"0":14,"1":14,"2":14,"3":14},"f":{"0":14},"b":{},"inputSourceMap":null,"_coverageSchema":"1a1c01bbd47fc00a2c39e90264f33305004495a9","hash":"b9ea9a9b3b7b003293d2d164e0b39dcb6056386b"}
,"C:\\Users\\natha\\Desktop\\ese-t1\\services\\user\\src\\domain\\UserRepository.js": {"path":"C:\\Users\\natha\\Desktop\\ese-t1\\services\\user\\src\\domain\\UserRepository.js","statementMap":{"0":{"start":{"line":3,"column":21},"end":{"line":3,"column":56}},"1":{"start":{"line":4,"column":35},"end":{"line":4,"column":70}},"2":{"start":{"line":5,"column":13},"end":{"line":5,"column":48}}},"fnMap":{"0":{"name":"(anonymous_0)","decl":{"start":{"line":3,"column":2},"end":{"line":3,"column":3}},"loc":{"start":{"line":3,"column":19},"end":{"line":3,"column":58}},"line":3},"1":{"name":"(anonymous_1)","decl":{"start":{"line":4,"column":2},"end":{"line":4,"column":3}},"loc":{"start":{"line":4,"column":33},"end":{"line":4,"column":72}},"line":4},"2":{"name":"(anonymous_2)","decl":{"start":{"line":5,"column":2},"end":{"line":5,"column":3}},"loc":{"start":{"line":5,"column":11},"end":{"line":5,"column":50}},"line":5}},"branchMap":{},"s":{"0":0,"1":0,"2":0},"f":{"0":0,"1":0,"2":0},"b":{},"inputSourceMap":null,"_coverageSchema":"1a1c01bbd47fc00a2c39e90264f33305004495a9","hash":"a21c67433485191466f55b6efc7d54b476aae73d"}
,"C:\\Users\\natha\\Desktop\\ese-t1\\services\\user\\src\\infrastructure\\UserRepository.js": {"path":"C:\\Users\\natha\\Desktop\\ese-t1\\services\\user\\src\\infrastructure\\UserRepository.js","statementMap":{"0":{"start":{"line":5,"column":19},"end":{"line":9,"column":2}},"1":{"start":{"line":12,"column":0},"end":{"line":12,"column":52}},"2":{"start":{"line":14,"column":18},"end":{"line":14,"column":52}},"3":{"start":{"line":19,"column":4},"end":{"line":19,"column":68}},"4":{"start":{"line":20,"column":4},"end":{"line":38,"column":5}},"5":{"start":{"line":22,"column":27},"end":{"line":22,"column":79}},"6":{"start":{"line":23,"column":6},"end":{"line":26,"column":7}},"7":{"start":{"line":24,"column":8},"end":{"line":24,"column":96}},"8":{"start":{"line":25,"column":8},"end":{"line":25,"column":51}},"9":{"start":{"line":28,"column":22},"end":{"line":28,"column":41}},"10":{"start":{"line":29,"column":24},"end":{"line":29,"column":44}},"11":{"start":{"line":30,"column":6},"end":{"line":30,"column":77}},"12":{"start":{"line":31,"column":6},"end":{"line":31,"column":23}},"13":{"start":{"line":33,"column":6},"end":{"line":36,"column":9}},"14":{"start":{"line":37,"column":6},"end":{"line":37,"column":18}},"15":{"start":{"line":42,"column":4},"end":{"line":42,"column":80}},"16":{"start":{"line":43,"column":4},"end":{"line":53,"column":5}},"17":{"start":{"line":44,"column":19},"end":{"line":44,"column":56}},"18":{"start":{"line":45,"column":6},"end":{"line":45,"column":65}},"19":{"start":{"line":46,"column":6},"end":{"line":46,"column":18}},"20":{"start":{"line":48,"column":6},"end":{"line":51,"column":9}},"21":{"start":{"line":52,"column":6},"end":{"line":52,"column":18}},"22":{"start":{"line":57,"column":4},"end":{"line":61,"column":5}},"23":{"start":{"line":58,"column":6},"end":{"line":58,"column":51}},"24":{"start":{"line":60,"column":6},"end":{"line":60,"column":18}},"25":{"start":{"line":65,"column":4},"end":{"line":65,"column":86}},"26":{"start":{"line":66,"column":4},"end":{"line":81,"column":5}},"27":{"start":{"line":67,"column":21},"end":{"line":67,"column":60}},"28":{"start":{"line":68,"column":6},"end":{"line":74,"column":7}},"29":{"start":{"line":69,"column":8},"end":{"line":69,"column":81}},"30":{"start":{"line":70,"column":8},"end":{"line":70,"column":20}},"31":{"start":{"line":72,"column":8},"end":{"line":72,"column":89}},"32":{"start":{"line":73,"column":8},"end":{"line":73,"column":21}},"33":{"start":{"line":76,"column":6},"end":{"line":79,"column":9}},"34":{"start":{"line":80,"column":6},"end":{"line":80,"column":18}}},"fnMap":{"0":{"name":"(anonymous_0)","decl":{"start":{"line":18,"column":2},"end":{"line":18,"column":3}},"loc":{"start":{"line":18,"column":19},"end":{"line":39,"column":3}},"line":18},"1":{"name":"(anonymous_1)","decl":{"start":{"line":41,"column":2},"end":{"line":41,"column":3}},"loc":{"start":{"line":41,"column":33},"end":{"line":54,"column":3}},"line":41},"2":{"name":"(anonymous_2)","decl":{"start":{"line":56,"column":2},"end":{"line":56,"column":3}},"loc":{"start":{"line":56,"column":17},"end":{"line":62,"column":3}},"line":56},"3":{"name":"(anonymous_3)","decl":{"start":{"line":64,"column":2},"end":{"line":64,"column":3}},"loc":{"start":{"line":64,"column":35},"end":{"line":82,"column":3}},"line":64}},"branchMap":{"0":{"loc":{"start":{"line":23,"column":6},"end":{"line":26,"column":7}},"type":"if","locations":[{"start":{"line":23,"column":6},"end":{"line":26,"column":7}},{"start":{},"end":{}}],"line":23},"1":{"loc":{"start":{"line":68,"column":6},"end":{"line":74,"column":7}},"type":"if","locations":[{"start":{"line":68,"column":6},"end":{"line":74,"column":7}},{"start":{"line":71,"column":13},"end":{"line":74,"column":7}}],"line":68}},"s":{"0":1,"1":1,"2":1,"3":6,"4":6,"5":6,"6":6,"7":1,"8":1,"9":5,"10":5,"11":5,"12":5,"13":1,"14":1,"15":2,"16":2,"17":2,"18":2,"19":2,"20":0,"21":0,"22":2,"23":2,"24":0,"25":0,"26":0,"27":0,"28":0,"29":0,"30":0,"31":0,"32":0,"33":0,"34":0},"f":{"0":6,"1":2,"2":2,"3":0},"b":{"0":[1,5],"1":[0,0]},"inputSourceMap":null,"_coverageSchema":"1a1c01bbd47fc00a2c39e90264f33305004495a9","hash":"8ee0a57ec733630b461a4c578fdcc2a187705a89"}
}
