TN:
SF:src\application\UserService.js
FN:3,(anonymous_0)
FN:8,(anonymous_1)
FN:16,(anonymous_2)
FN:60,(anonymous_3)
FN:80,(anonymous_4)
FNF:5
FNH:5
FNDA:17,(anonymous_0)
FNDA:3,(anonymous_1)
FNDA:15,(anonymous_2)
FNDA:2,(anonymous_3)
FNDA:5,(anonymous_4)
DA:4,17
DA:5,17
DA:9,3
DA:10,3
DA:11,1
DA:13,2
DA:17,15
DA:18,15
DA:19,2
DA:20,2
DA:23,13
DA:24,12
DA:25,1
DA:26,1
DA:29,11
DA:30,1
DA:31,1
DA:34,10
DA:35,10
DA:36,1
DA:37,1
DA:39,9
DA:41,9
DA:42,9
DA:43,9
DA:44,8
DA:46,8
DA:47,8
DA:48,8
DA:50,1
DA:53,8
DA:55,9
DA:56,9
DA:61,2
DA:62,2
DA:63,2
DA:64,2
DA:65,1
DA:66,1
DA:68,1
DA:69,1
DA:72,0
DA:76,0
DA:81,5
DA:82,5
DA:83,2
DA:85,2
DA:86,18
DA:87,2
DA:88,2
DA:89,2
DA:90,2
DA:91,2
DA:92,20
DA:93,2
DA:94,2
DA:95,2
DA:96,1
LF:58
LH:56
BRDA:10,0,0,1
BRDA:10,0,1,2
BRDA:10,1,0,3
BRDA:10,1,1,2
BRDA:18,2,0,2
BRDA:18,2,1,13
BRDA:18,3,0,15
BRDA:18,3,1,13
BRDA:18,3,2,13
BRDA:24,4,0,1
BRDA:24,4,1,11
BRDA:29,5,0,1
BRDA:29,5,1,10
BRDA:29,6,0,11
BRDA:29,6,1,11
BRDA:35,7,0,1
BRDA:35,7,1,9
BRDA:64,8,0,1
BRDA:64,8,1,1
BRDA:81,9,0,5
BRDA:81,9,1,2
BRDA:82,10,0,3
BRDA:82,10,1,2
BRDA:82,11,0,5
BRDA:82,11,1,3
BRDA:82,11,2,3
BRDA:88,12,0,1
BRDA:88,12,1,1
BRDA:88,13,0,2
BRDA:88,13,1,1
BRDA:89,14,0,0
BRDA:89,14,1,2
BRDA:94,15,0,0
BRDA:94,15,1,2
BRDA:94,16,0,2
BRDA:94,16,1,2
BRDA:95,17,0,1
BRDA:95,17,1,1
BRF:38
BRH:36
end_of_record
TN:
SF:src\domain\User.js
FN:2,(anonymous_0)
FNF:1
FNH:1
FNDA:14,(anonymous_0)
DA:3,14
DA:4,14
DA:5,14
DA:6,14
LF:4
LH:4
BRF:0
BRH:0
end_of_record
TN:
SF:src\domain\UserRepository.js
FN:3,(anonymous_0)
FN:4,(anonymous_1)
FN:5,(anonymous_2)
FNF:3
FNH:0
FNDA:0,(anonymous_0)
FNDA:0,(anonymous_1)
FNDA:0,(anonymous_2)
DA:3,0
DA:4,0
DA:5,0
LF:3
LH:0
BRF:0
BRH:0
end_of_record
TN:
SF:src\infrastructure\UserRepository.js
FN:18,(anonymous_0)
FN:41,(anonymous_1)
FN:56,(anonymous_2)
FN:64,(anonymous_3)
FNF:4
FNH:3
FNDA:6,(anonymous_0)
FNDA:2,(anonymous_1)
FNDA:2,(anonymous_2)
FNDA:0,(anonymous_3)
DA:5,1
DA:12,1
DA:14,1
DA:19,6
DA:20,6
DA:22,6
DA:23,6
DA:24,1
DA:25,1
DA:28,5
DA:29,5
DA:30,5
DA:31,5
DA:33,1
DA:37,1
DA:42,2
DA:43,2
DA:44,2
DA:45,2
DA:46,2
DA:48,0
DA:52,0
DA:57,2
DA:58,2
DA:60,0
DA:65,0
DA:66,0
DA:67,0
DA:68,0
DA:69,0
DA:70,0
DA:72,0
DA:73,0
DA:76,0
DA:80,0
LF:35
LH:22
BRDA:23,0,0,1
BRDA:23,0,1,5
BRDA:68,1,0,0
BRDA:68,1,1,0
BRF:4
BRH:2
end_of_record
