TN:
SF:src\application\UserService.js
FN:3,(anonymous_0)
FN:8,(anonymous_1)
FN:16,(anonymous_2)
FN:52,(anonymous_3)
FNF:4
FNH:4
FNDA:15,(anonymous_0)
FNDA:2,(anonymous_1)
FNDA:14,(anonymous_2)
FNDA:5,(anonymous_3)
DA:4,15
DA:5,15
DA:9,2
DA:10,2
DA:11,1
DA:13,1
DA:17,14
DA:18,2
DA:21,12
DA:22,11
DA:23,1
DA:26,10
DA:27,1
DA:31,9
DA:32,9
DA:33,1
DA:35,8
DA:37,8
DA:38,8
DA:40,7
DA:41,7
DA:46,7
DA:48,8
DA:53,5
DA:54,5
DA:55,2
DA:57,2
DA:58,18
DA:59,2
DA:60,2
DA:61,2
DA:62,2
DA:63,2
DA:64,20
DA:65,2
DA:66,2
DA:67,2
DA:68,1
LF:38
LH:38
BRDA:10,0,0,1
BRDA:10,0,1,1
BRDA:10,1,0,2
BRDA:10,1,1,2
BRDA:17,2,0,2
BRDA:17,2,1,12
BRDA:17,3,0,14
BRDA:17,3,1,12
BRDA:17,3,2,12
BRDA:22,4,0,1
BRDA:22,4,1,10
BRDA:26,5,0,1
BRDA:26,5,1,9
BRDA:26,6,0,10
BRDA:26,6,1,10
BRDA:32,7,0,1
BRDA:32,7,1,8
BRDA:53,8,0,5
BRDA:53,8,1,2
BRDA:54,9,0,3
BRDA:54,9,1,2
BRDA:54,10,0,5
BRDA:54,10,1,3
BRDA:54,10,2,3
BRDA:60,11,0,1
BRDA:60,11,1,1
BRDA:60,12,0,2
BRDA:60,12,1,1
BRDA:61,13,0,0
BRDA:61,13,1,2
BRDA:66,14,0,0
BRDA:66,14,1,2
BRDA:66,15,0,2
BRDA:66,15,1,2
BRDA:67,16,0,1
BRDA:67,16,1,1
BRF:36
BRH:34
end_of_record
TN:
SF:src\domain\User.js
FN:2,(anonymous_0)
FNF:1
FNH:1
FNDA:13,(anonymous_0)
DA:3,13
DA:4,13
DA:5,13
DA:6,13
LF:4
LH:4
BRF:0
BRH:0
end_of_record
TN:
SF:src\domain\UserRepository.js
FN:3,(anonymous_0)
FN:4,(anonymous_1)
FN:5,(anonymous_2)
FNF:3
FNH:0
FNDA:0,(anonymous_0)
FNDA:0,(anonymous_1)
FNDA:0,(anonymous_2)
DA:3,0
DA:4,0
DA:5,0
LF:3
LH:0
BRF:0
BRH:0
end_of_record
TN:
SF:src\infrastructure\UserRepository.js
FN:18,(anonymous_0)
FN:33,(anonymous_1)
FN:41,(anonymous_2)
FNF:3
FNH:3
FNDA:6,(anonymous_0)
FNDA:2,(anonymous_1)
FNDA:2,(anonymous_2)
DA:5,1
DA:12,1
DA:14,1
DA:19,6
DA:21,6
DA:22,6
DA:23,1
DA:26,5
DA:27,5
DA:29,1
DA:34,2
DA:35,2
DA:37,0
DA:42,2
DA:43,2
DA:45,0
LF:16
LH:14
BRDA:22,0,0,1
BRDA:22,0,1,5
BRF:2
BRH:2
end_of_record
